{"C:\\Users\\maste\\SCINGOS_WORK\\ScingOS\\client\\components\\layout\\AppShell.tsx": {"path":"C:\\Users\\maste\\SCINGOS_WORK\\ScingOS\\client\\components\\layout\\AppShell.tsx","statementMap":{"0":{"start":{"line":11,"column":24},"end":{"line":11,"column":33}},"1":{"start":{"line":1,"column":17},"end":{"line":1,"column":null}},"2":{"start":{"line":3,"column":23},"end":{"line":3,"column":null}},"3":{"start":{"line":12,"column":20},"end":{"line":12,"column":null}}},"fnMap":{"0":{"name":"AppShell","decl":{"start":{"line":11,"column":24},"end":{"line":11,"column":33}},"loc":{"start":{"line":11,"column":77},"end":{"line":32,"column":null}}}},"branchMap":{"0":{"loc":{"start":{"line":12,"column":20},"end":{"line":12,"column":null}},"type":"cond-expr","locations":[{"start":{"line":12,"column":28},"end":{"line":12,"column":48}},{"start":{"line":12,"column":51},"end":{"line":12,"column":null}}]},"1":{"loc":{"start":{"line":21,"column":9},"end":{"line":26,"column":null}},"type":"cond-expr","locations":[{"start":{"line":22,"column":10},"end":{"line":26,"column":null}},{"start":{"line":26,"column":12},"end":{"line":26,"column":null}}]},"2":{"loc":{"start":{"line":24,"column":13},"end":{"line":24,"column":null}},"type":"cond-expr","locations":[{"start":{"line":24,"column":24},"end":{"line":24,"column":null}},{"start":{"line":24,"column":75},"end":{"line":24,"column":null}}]}},"s":{"0":0,"1":0,"2":0,"3":0},"f":{"0":0},"b":{"0":[0,0],"1":[0,0],"2":[0,0]}}
,"C:\\Users\\maste\\SCINGOS_WORK\\ScingOS\\client\\components\\layout\\Footer.tsx": {"path":"C:\\Users\\maste\\SCINGOS_WORK\\ScingOS\\client\\components\\layout\\Footer.tsx","statementMap":{"0":{"start":{"line":1,"column":16},"end":{"line":1,"column":null}}},"fnMap":{"0":{"name":"Footer","decl":{"start":{"line":1,"column":16},"end":{"line":1,"column":null}},"loc":{"start":{"line":1,"column":16},"end":{"line":14,"column":null}}}},"branchMap":{},"s":{"0":0},"f":{"0":0},"b":{}}
,"C:\\Users\\maste\\SCINGOS_WORK\\ScingOS\\client\\components\\layout\\Layout.tsx": {"path":"C:\\Users\\maste\\SCINGOS_WORK\\ScingOS\\client\\components\\layout\\Layout.tsx","statementMap":{"0":{"start":{"line":9,"column":16},"end":{"line":9,"column":23}},"1":{"start":{"line":2,"column":23},"end":{"line":2,"column":null}},"2":{"start":{"line":3,"column":23},"end":{"line":3,"column":null}}},"fnMap":{"0":{"name":"Layout","decl":{"start":{"line":9,"column":16},"end":{"line":9,"column":23}},"loc":{"start":{"line":9,"column":48},"end":{"line":17,"column":null}}}},"branchMap":{},"s":{"0":0,"1":0,"2":0},"f":{"0":0},"b":{}}
,"C:\\Users\\maste\\SCINGOS_WORK\\ScingOS\\client\\components\\layout\\Navbar.tsx": {"path":"C:\\Users\\maste\\SCINGOS_WORK\\ScingOS\\client\\components\\layout\\Navbar.tsx","statementMap":{"0":{"start":{"line":6,"column":16},"end":{"line":6,"column":null}},"1":{"start":{"line":1,"column":17},"end":{"line":1,"column":null}},"2":{"start":{"line":2,"column":29},"end":{"line":2,"column":null}},"3":{"start":{"line":3,"column":24},"end":{"line":3,"column":null}},"4":{"start":{"line":4,"column":21},"end":{"line":4,"column":null}},"5":{"start":{"line":7,"column":19},"end":{"line":7,"column":null}},"6":{"start":{"line":9,"column":24},"end":{"line":16,"column":null}},"7":{"start":{"line":10,"column":4},"end":{"line":15,"column":null}},"8":{"start":{"line":11,"column":6},"end":{"line":11,"column":null}},"9":{"start":{"line":11,"column":17},"end":{"line":11,"column":null}},"10":{"start":{"line":12,"column":6},"end":{"line":12,"column":null}},"11":{"start":{"line":14,"column":6},"end":{"line":14,"column":null}}},"fnMap":{"0":{"name":"Navbar","decl":{"start":{"line":6,"column":16},"end":{"line":6,"column":null}},"loc":{"start":{"line":6,"column":16},"end":{"line":57,"column":null}}},"1":{"name":"(anonymous_3)","decl":{"start":{"line":9,"column":24},"end":{"line":9,"column":null}},"loc":{"start":{"line":9,"column":24},"end":{"line":16,"column":null}}}},"branchMap":{"0":{"loc":{"start":{"line":11,"column":6},"end":{"line":11,"column":null}},"type":"if","locations":[{"start":{"line":11,"column":6},"end":{"line":11,"column":null}}]},"1":{"loc":{"start":{"line":30,"column":14},"end":{"line":45,"column":15}},"type":"cond-expr","locations":[{"start":{"line":30,"column":14},"end":{"line":45,"column":15}}]}},"s":{"0":0,"1":0,"2":0,"3":0,"4":0,"5":0,"6":0,"7":0,"8":0,"9":0,"10":0,"11":0},"f":{"0":0,"1":0},"b":{"0":[0],"1":[0]}}
,"C:\\Users\\maste\\SCINGOS_WORK\\ScingOS\\client\\components\\voice\\VoiceButton.tsx": {"path":"C:\\Users\\maste\\SCINGOS_WORK\\ScingOS\\client\\components\\voice\\VoiceButton.tsx","statementMap":{"0":{"start":{"line":9,"column":16},"end":{"line":9,"column":28}},"1":{"start":{"line":1,"column":31},"end":{"line":1,"column":null}},"2":{"start":{"line":2,"column":23},"end":{"line":2,"column":null}}},"fnMap":{"0":{"name":"VoiceButton","decl":{"start":{"line":9,"column":16},"end":{"line":9,"column":28}},"loc":{"start":{"line":9,"column":70},"end":{"line":32,"column":null}}}},"branchMap":{"0":{"loc":{"start":{"line":16,"column":10},"end":{"line":16,"column":94}},"type":"cond-expr","locations":[{"start":{"line":16,"column":24},"end":{"line":16,"column":56}},{"start":{"line":16,"column":56},"end":{"line":16,"column":94}}]},"1":{"loc":{"start":{"line":21,"column":7},"end":{"line":21,"column":null}},"type":"binary-expr","locations":[{"start":{"line":21,"column":7},"end":{"line":21,"column":null}}]}},"s":{"0":2,"1":1,"2":1},"f":{"0":2},"b":{"0":[0,2],"1":[2]}}
,"C:\\Users\\maste\\SCINGOS_WORK\\ScingOS\\client\\lib\\firebase.ts": {"path":"C:\\Users\\maste\\SCINGOS_WORK\\ScingOS\\client\\lib\\firebase.ts","statementMap":{"0":{"start":{"line":35,"column":13},"end":{"line":35,"column":17}},"1":{"start":{"line":39,"column":0},"end":{"line":39,"column":15}},"2":{"start":{"line":24,"column":13},"end":{"line":24,"column":31}},"3":{"start":{"line":36,"column":13},"end":{"line":36,"column":22}},"4":{"start":{"line":37,"column":13},"end":{"line":37,"column":20}},"5":{"start":{"line":1,"column":39},"end":{"line":1,"column":null}},"6":{"start":{"line":3,"column":24},"end":{"line":3,"column":null}},"7":{"start":{"line":5,"column":29},"end":{"line":5,"column":null}},"8":{"start":{"line":7,"column":27},"end":{"line":7,"column":null}},"9":{"start":{"line":10,"column":23},"end":{"line":17,"column":null}},"10":{"start":{"line":19,"column":18},"end":{"line":19,"column":null}},"11":{"start":{"line":20,"column":26},"end":{"line":21,"column":null}},"12":{"start":{"line":24,"column":34},"end":{"line":24,"column":null}},"13":{"start":{"line":28,"column":32},"end":{"line":33,"column":null}},"14":{"start":{"line":29,"column":19},"end":{"line":29,"column":31}},"15":{"start":{"line":30,"column":2},"end":{"line":30,"column":null}},"16":{"start":{"line":30,"column":16},"end":{"line":30,"column":null}},"17":{"start":{"line":31,"column":2},"end":{"line":31,"column":null}},"18":{"start":{"line":31,"column":26},"end":{"line":31,"column":null}},"19":{"start":{"line":32,"column":2},"end":{"line":32,"column":null}},"20":{"start":{"line":35,"column":33},"end":{"line":35,"column":null}},"21":{"start":{"line":36,"column":43},"end":{"line":36,"column":null}},"22":{"start":{"line":37,"column":47},"end":{"line":37,"column":null}},"23":{"start":{"line":39,"column":15},"end":{"line":39,"column":19}}},"fnMap":{"0":{"name":"(anonymous_6)","decl":{"start":{"line":28,"column":33},"end":{"line":28,"column":null}},"loc":{"start":{"line":28,"column":33},"end":{"line":33,"column":null}}}},"branchMap":{"0":{"loc":{"start":{"line":21,"column":2},"end":{"line":21,"column":80}},"type":"binary-expr","locations":[{"start":{"line":21,"column":2},"end":{"line":21,"column":23}},{"start":{"line":21,"column":27},"end":{"line":21,"column":52}},{"start":{"line":21,"column":56},"end":{"line":21,"column":80}}]},"1":{"loc":{"start":{"line":30,"column":2},"end":{"line":30,"column":null}},"type":"if","locations":[{"start":{"line":30,"column":2},"end":{"line":30,"column":null}}]},"2":{"loc":{"start":{"line":31,"column":2},"end":{"line":31,"column":null}},"type":"if","locations":[{"start":{"line":31,"column":2},"end":{"line":31,"column":null}}]},"3":{"loc":{"start":{"line":35,"column":33},"end":{"line":35,"column":null}},"type":"cond-expr","locations":[{"start":{"line":35,"column":52},"end":{"line":35,"column":67}},{"start":{"line":35,"column":67},"end":{"line":35,"column":null}}]},"4":{"loc":{"start":{"line":35,"column":33},"end":{"line":35,"column":52}},"type":"binary-expr","locations":[{"start":{"line":35,"column":33},"end":{"line":35,"column":46}},{"start":{"line":35,"column":46},"end":{"line":35,"column":52}}]},"5":{"loc":{"start":{"line":36,"column":43},"end":{"line":36,"column":null}},"type":"cond-expr","locations":[{"start":{"line":36,"column":62},"end":{"line":36,"column":82}},{"start":{"line":36,"column":82},"end":{"line":36,"column":null}}]},"6":{"loc":{"start":{"line":36,"column":43},"end":{"line":36,"column":62}},"type":"binary-expr","locations":[{"start":{"line":36,"column":43},"end":{"line":36,"column":56}},{"start":{"line":36,"column":56},"end":{"line":36,"column":62}}]},"7":{"loc":{"start":{"line":37,"column":47},"end":{"line":37,"column":null}},"type":"cond-expr","locations":[{"start":{"line":37,"column":66},"end":{"line":37,"column":84}},{"start":{"line":37,"column":84},"end":{"line":37,"column":null}}]},"8":{"loc":{"start":{"line":37,"column":47},"end":{"line":37,"column":66}},"type":"binary-expr","locations":[{"start":{"line":37,"column":47},"end":{"line":37,"column":60}},{"start":{"line":37,"column":60},"end":{"line":37,"column":66}}]}},"s":{"0":0,"1":0,"2":0,"3":0,"4":0,"5":0,"6":0,"7":0,"8":0,"9":0,"10":0,"11":0,"12":0,"13":0,"14":0,"15":0,"16":0,"17":0,"18":0,"19":0,"20":0,"21":0,"22":0,"23":0},"f":{"0":0},"b":{"0":[0,0,0],"1":[0],"2":[0],"3":[0,0],"4":[0,0],"5":[0,0],"6":[0,0],"7":[0,0],"8":[0,0]}}
,"C:\\Users\\maste\\SCINGOS_WORK\\ScingOS\\client\\lib\\firebaseServices.ts": {"path":"C:\\Users\\maste\\SCINGOS_WORK\\ScingOS\\client\\lib\\firebaseServices.ts","statementMap":{"0":{"start":{"line":6,"column":13},"end":{"line":6,"column":18}},"1":{"start":{"line":1,"column":26},"end":{"line":1,"column":null}},"2":{"start":{"line":6,"column":18},"end":{"line":6,"column":27}}},"fnMap":{},"branchMap":{},"s":{"0":0,"1":0,"2":0},"f":{},"b":{}}
,"C:\\Users\\maste\\SCINGOS_WORK\\ScingOS\\client\\lib\\refs.ts": {"path":"C:\\Users\\maste\\SCINGOS_WORK\\ScingOS\\client\\lib\\refs.ts","statementMap":{"0":{"start":{"line":8,"column":16},"end":{"line":8,"column":44}},"1":{"start":{"line":12,"column":16},"end":{"line":12,"column":40}},"2":{"start":{"line":4,"column":16},"end":{"line":4,"column":37}},"3":{"start":{"line":1,"column":27},"end":{"line":1,"column":null}},"4":{"start":{"line":2,"column":19},"end":{"line":2,"column":null}},"5":{"start":{"line":5,"column":2},"end":{"line":5,"column":null}},"6":{"start":{"line":9,"column":2},"end":{"line":9,"column":null}},"7":{"start":{"line":13,"column":2},"end":{"line":13,"column":null}}},"fnMap":{"0":{"name":"sessionsCollectionRef","decl":{"start":{"line":4,"column":16},"end":{"line":4,"column":37}},"loc":{"start":{"line":4,"column":16},"end":{"line":6,"column":null}}},"1":{"name":"sessionMessagesCollectionRef","decl":{"start":{"line":8,"column":16},"end":{"line":8,"column":44}},"loc":{"start":{"line":8,"column":62},"end":{"line":10,"column":null}}},"2":{"name":"sessionRunsCollectionRef","decl":{"start":{"line":12,"column":16},"end":{"line":12,"column":40}},"loc":{"start":{"line":12,"column":58},"end":{"line":14,"column":null}}}},"branchMap":{},"s":{"0":0,"1":0,"2":0,"3":0,"4":0,"5":0,"6":0,"7":0},"f":{"0":0,"1":0,"2":0},"b":{}}
,"C:\\Users\\maste\\SCINGOS_WORK\\ScingOS\\client\\lib\\bane\\cache.ts": {"path":"C:\\Users\\maste\\SCINGOS_WORK\\ScingOS\\client\\lib\\bane\\cache.ts","statementMap":{"0":{"start":{"line":21,"column":16},"end":{"line":21,"column":29}},"1":{"start":{"line":5,"column":16},"end":{"line":5,"column":28}},"2":{"start":{"line":16,"column":16},"end":{"line":16,"column":28}},"3":{"start":{"line":3,"column":12},"end":{"line":3,"column":null}},"4":{"start":{"line":6,"column":2},"end":{"line":6,"column":null}},"5":{"start":{"line":6,"column":37},"end":{"line":6,"column":null}},"6":{"start":{"line":7,"column":2},"end":{"line":13,"column":null}},"7":{"start":{"line":8,"column":16},"end":{"line":8,"column":null}},"8":{"start":{"line":9,"column":4},"end":{"line":9,"column":null}},"9":{"start":{"line":9,"column":14},"end":{"line":9,"column":null}},"10":{"start":{"line":10,"column":4},"end":{"line":10,"column":null}},"11":{"start":{"line":12,"column":4},"end":{"line":12,"column":null}},"12":{"start":{"line":17,"column":2},"end":{"line":17,"column":null}},"13":{"start":{"line":17,"column":37},"end":{"line":17,"column":null}},"14":{"start":{"line":18,"column":2},"end":{"line":18,"column":null}},"15":{"start":{"line":22,"column":2},"end":{"line":22,"column":null}},"16":{"start":{"line":22,"column":37},"end":{"line":22,"column":null}},"17":{"start":{"line":23,"column":2},"end":{"line":23,"column":null}}},"fnMap":{"0":{"name":"loadSnapshot","decl":{"start":{"line":5,"column":16},"end":{"line":5,"column":28}},"loc":{"start":{"line":5,"column":16},"end":{"line":14,"column":null}}},"1":{"name":"saveSnapshot","decl":{"start":{"line":16,"column":16},"end":{"line":16,"column":28}},"loc":{"start":{"line":16,"column":46},"end":{"line":19,"column":null}}},"2":{"name":"clearSnapshot","decl":{"start":{"line":21,"column":16},"end":{"line":21,"column":29}},"loc":{"start":{"line":21,"column":16},"end":{"line":24,"column":null}}}},"branchMap":{"0":{"loc":{"start":{"line":6,"column":2},"end":{"line":6,"column":null}},"type":"if","locations":[{"start":{"line":6,"column":2},"end":{"line":6,"column":null}}]},"1":{"loc":{"start":{"line":9,"column":4},"end":{"line":9,"column":null}},"type":"if","locations":[{"start":{"line":9,"column":4},"end":{"line":9,"column":null}}]},"2":{"loc":{"start":{"line":17,"column":2},"end":{"line":17,"column":null}},"type":"if","locations":[{"start":{"line":17,"column":2},"end":{"line":17,"column":null}}]},"3":{"loc":{"start":{"line":22,"column":2},"end":{"line":22,"column":null}},"type":"if","locations":[{"start":{"line":22,"column":2},"end":{"line":22,"column":null}}]}},"s":{"0":0,"1":0,"2":0,"3":0,"4":0,"5":0,"6":0,"7":0,"8":0,"9":0,"10":0,"11":0,"12":0,"13":0,"14":0,"15":0,"16":0,"17":0},"f":{"0":0,"1":0,"2":0},"b":{"0":[0],"1":[0],"2":[0],"3":[0]}}
,"C:\\Users\\maste\\SCINGOS_WORK\\ScingOS\\client\\lib\\bane\\evaluate.ts": {"path":"C:\\Users\\maste\\SCINGOS_WORK\\ScingOS\\client\\lib\\bane\\evaluate.ts","statementMap":{"0":{"start":{"line":4,"column":16},"end":{"line":4,"column":33}},"1":{"start":{"line":2,"column":33},"end":{"line":2,"column":null}},"2":{"start":{"line":15,"column":2},"end":{"line":25,"column":null}}},"fnMap":{"0":{"name":"evaluateOnClient","decl":{"start":{"line":4,"column":16},"end":{"line":4,"column":33}},"loc":{"start":{"line":14,"column":1},"end":{"line":26,"column":null}}}},"branchMap":{},"s":{"0":0,"1":0,"2":0},"f":{"0":0},"b":{}}
,"C:\\Users\\maste\\SCINGOS_WORK\\ScingOS\\client\\lib\\bane\\fetchSnapshot.ts": {"path":"C:\\Users\\maste\\SCINGOS_WORK\\ScingOS\\client\\lib\\bane\\fetchSnapshot.ts","statementMap":{"0":{"start":{"line":7,"column":22},"end":{"line":7,"column":50}},"1":{"start":{"line":1,"column":30},"end":{"line":1,"column":null}},"2":{"start":{"line":3,"column":16},"end":{"line":3,"column":null}},"3":{"start":{"line":5,"column":29},"end":{"line":5,"column":null}},"4":{"start":{"line":8,"column":2},"end":{"line":8,"column":null}},"5":{"start":{"line":8,"column":12},"end":{"line":8,"column":null}},"6":{"start":{"line":9,"column":20},"end":{"line":9,"column":null}},"7":{"start":{"line":12,"column":13},"end":{"line":12,"column":null}},"8":{"start":{"line":13,"column":14},"end":{"line":13,"column":null}},"9":{"start":{"line":14,"column":15},"end":{"line":14,"column":23}},"10":{"start":{"line":15,"column":2},"end":{"line":15,"column":null}},"11":{"start":{"line":16,"column":2},"end":{"line":16,"column":null}}},"fnMap":{"0":{"name":"fetchAndCachePolicySnapshot","decl":{"start":{"line":7,"column":22},"end":{"line":7,"column":50}},"loc":{"start":{"line":7,"column":63},"end":{"line":17,"column":null}}}},"branchMap":{"0":{"loc":{"start":{"line":8,"column":2},"end":{"line":8,"column":null}},"type":"if","locations":[{"start":{"line":8,"column":2},"end":{"line":8,"column":null}}]}},"s":{"0":0,"1":0,"2":0,"3":0,"4":0,"5":0,"6":0,"7":0,"8":0,"9":0,"10":0,"11":0},"f":{"0":0},"b":{"0":[0]}}
,"C:\\Users\\maste\\SCINGOS_WORK\\ScingOS\\client\\lib\\bane\\index.ts": {"path":"C:\\Users\\maste\\SCINGOS_WORK\\ScingOS\\client\\lib\\bane\\index.ts","statementMap":{"0":{"start":{"line":1,"column":14},"end":{"line":1,"column":null}},"1":{"start":{"line":2,"column":14},"end":{"line":2,"column":null}},"2":{"start":{"line":3,"column":14},"end":{"line":3,"column":null}}},"fnMap":{},"branchMap":{},"s":{"0":0,"1":0,"2":0},"f":{},"b":{}}
,"C:\\Users\\maste\\SCINGOS_WORK\\ScingOS\\client\\lib\\evidence\\capture.ts": {"path":"C:\\Users\\maste\\SCINGOS_WORK\\ScingOS\\client\\lib\\evidence\\capture.ts","statementMap":{"0":{"start":{"line":18,"column":16},"end":{"line":18,"column":36}},"1":{"start":{"line":11,"column":22},"end":{"line":11,"column":30}},"2":{"start":{"line":1,"column":29},"end":{"line":1,"column":null}},"3":{"start":{"line":5,"column":16},"end":{"line":5,"column":null}},"4":{"start":{"line":6,"column":12},"end":{"line":6,"column":null}},"5":{"start":{"line":7,"column":2},"end":{"line":7,"column":null}},"6":{"start":{"line":7,"column":25},"end":{"line":7,"column":null}},"7":{"start":{"line":8,"column":2},"end":{"line":8,"column":null}},"8":{"start":{"line":12,"column":14},"end":{"line":12,"column":null}},"9":{"start":{"line":13,"column":2},"end":{"line":13,"column":null}},"10":{"start":{"line":13,"column":34},"end":{"line":13,"column":null}},"11":{"start":{"line":14,"column":17},"end":{"line":14,"column":null}},"12":{"start":{"line":15,"column":2},"end":{"line":15,"column":null}},"13":{"start":{"line":35,"column":13},"end":{"line":35,"column":null}},"14":{"start":{"line":36,"column":2},"end":{"line":57,"column":null}}},"fnMap":{"0":{"name":"toHex","decl":{"start":{"line":4,"column":9},"end":{"line":4,"column":15}},"loc":{"start":{"line":4,"column":31},"end":{"line":9,"column":null}}},"1":{"name":"hashFile","decl":{"start":{"line":11,"column":22},"end":{"line":11,"column":30}},"loc":{"start":{"line":11,"column":41},"end":{"line":16,"column":null}}},"2":{"name":"createArtifactRecord","decl":{"start":{"line":18,"column":16},"end":{"line":18,"column":36}},"loc":{"start":{"line":34,"column":1},"end":{"line":58,"column":null}}}},"branchMap":{"0":{"loc":{"start":{"line":13,"column":2},"end":{"line":13,"column":null}},"type":"if","locations":[{"start":{"line":13,"column":2},"end":{"line":13,"column":null}}]},"1":{"loc":{"start":{"line":42,"column":10},"end":{"line":42,"column":27}},"type":"binary-expr","locations":[{"start":{"line":42,"column":10},"end":{"line":42,"column":21}},{"start":{"line":42,"column":25},"end":{"line":42,"column":27}}]}},"s":{"0":0,"1":0,"2":0,"3":0,"4":0,"5":0,"6":0,"7":0,"8":0,"9":0,"10":0,"11":0,"12":0,"13":0,"14":0},"f":{"0":0,"1":0,"2":0},"b":{"0":[0],"1":[0,0]}}
,"C:\\Users\\maste\\SCINGOS_WORK\\ScingOS\\client\\lib\\evidence\\index.ts": {"path":"C:\\Users\\maste\\SCINGOS_WORK\\ScingOS\\client\\lib\\evidence\\index.ts","statementMap":{"0":{"start":{"line":1,"column":14},"end":{"line":1,"column":null}},"1":{"start":{"line":2,"column":14},"end":{"line":2,"column":null}},"2":{"start":{"line":3,"column":14},"end":{"line":3,"column":null}}},"fnMap":{},"branchMap":{},"s":{"0":0,"1":0,"2":0},"f":{},"b":{}}
,"C:\\Users\\maste\\SCINGOS_WORK\\ScingOS\\client\\lib\\evidence\\localQueue.ts": {"path":"C:\\Users\\maste\\SCINGOS_WORK\\ScingOS\\client\\lib\\evidence\\localQueue.ts","statementMap":{"0":{"start":{"line":48,"column":16},"end":{"line":48,"column":26}},"1":{"start":{"line":41,"column":16},"end":{"line":41,"column":23}},"2":{"start":{"line":35,"column":16},"end":{"line":35,"column":23}},"3":{"start":{"line":21,"column":16},"end":{"line":21,"column":25}},"4":{"start":{"line":30,"column":16},"end":{"line":30,"column":25}},"5":{"start":{"line":3,"column":13},"end":{"line":3,"column":null}},"6":{"start":{"line":18,"column":2},"end":{"line":18,"column":null}},"7":{"start":{"line":22,"column":2},"end":{"line":22,"column":null}},"8":{"start":{"line":22,"column":20},"end":{"line":22,"column":null}},"9":{"start":{"line":23,"column":2},"end":{"line":27,"column":null}},"10":{"start":{"line":24,"column":4},"end":{"line":24,"column":null}},"11":{"start":{"line":26,"column":4},"end":{"line":26,"column":null}},"12":{"start":{"line":31,"column":2},"end":{"line":31,"column":null}},"13":{"start":{"line":31,"column":20},"end":{"line":31,"column":null}},"14":{"start":{"line":32,"column":2},"end":{"line":32,"column":null}},"15":{"start":{"line":36,"column":12},"end":{"line":36,"column":null}},"16":{"start":{"line":37,"column":2},"end":{"line":37,"column":null}},"17":{"start":{"line":38,"column":2},"end":{"line":38,"column":null}},"18":{"start":{"line":42,"column":12},"end":{"line":42,"column":null}},"19":{"start":{"line":43,"column":15},"end":{"line":43,"column":null}},"20":{"start":{"line":44,"column":2},"end":{"line":44,"column":null}},"21":{"start":{"line":45,"column":2},"end":{"line":45,"column":null}},"22":{"start":{"line":49,"column":2},"end":{"line":49,"column":null}},"23":{"start":{"line":49,"column":20},"end":{"line":49,"column":null}},"24":{"start":{"line":50,"column":2},"end":{"line":50,"column":null}}},"fnMap":{"0":{"name":"isBrowser","decl":{"start":{"line":17,"column":9},"end":{"line":17,"column":null}},"loc":{"start":{"line":17,"column":9},"end":{"line":19,"column":null}}},"1":{"name":"loadQueue","decl":{"start":{"line":21,"column":16},"end":{"line":21,"column":25}},"loc":{"start":{"line":21,"column":16},"end":{"line":28,"column":null}}},"2":{"name":"saveQueue","decl":{"start":{"line":30,"column":16},"end":{"line":30,"column":25}},"loc":{"start":{"line":30,"column":45},"end":{"line":33,"column":null}}},"3":{"name":"enqueue","decl":{"start":{"line":35,"column":16},"end":{"line":35,"column":23}},"loc":{"start":{"line":35,"column":40},"end":{"line":39,"column":null}}},"4":{"name":"dequeue","decl":{"start":{"line":41,"column":16},"end":{"line":41,"column":23}},"loc":{"start":{"line":41,"column":16},"end":{"line":46,"column":null}}},"5":{"name":"clearQueue","decl":{"start":{"line":48,"column":16},"end":{"line":48,"column":26}},"loc":{"start":{"line":48,"column":16},"end":{"line":51,"column":null}}}},"branchMap":{"0":{"loc":{"start":{"line":18,"column":9},"end":{"line":18,"column":null}},"type":"binary-expr","locations":[{"start":{"line":18,"column":9},"end":{"line":18,"column":42}},{"start":{"line":18,"column":42},"end":{"line":18,"column":null}}]},"1":{"loc":{"start":{"line":22,"column":2},"end":{"line":22,"column":null}},"type":"if","locations":[{"start":{"line":22,"column":2},"end":{"line":22,"column":null}}]},"2":{"loc":{"start":{"line":24,"column":22},"end":{"line":24,"column":null}},"type":"binary-expr","locations":[{"start":{"line":24,"column":22},"end":{"line":24,"column":52}},{"start":{"line":24,"column":52},"end":{"line":24,"column":null}}]},"3":{"loc":{"start":{"line":31,"column":2},"end":{"line":31,"column":null}},"type":"if","locations":[{"start":{"line":31,"column":2},"end":{"line":31,"column":null}}]},"4":{"loc":{"start":{"line":43,"column":15},"end":{"line":43,"column":null}},"type":"binary-expr","locations":[{"start":{"line":43,"column":15},"end":{"line":43,"column":28}},{"start":{"line":43,"column":28},"end":{"line":43,"column":null}}]},"5":{"loc":{"start":{"line":49,"column":2},"end":{"line":49,"column":null}},"type":"if","locations":[{"start":{"line":49,"column":2},"end":{"line":49,"column":null}}]}},"s":{"0":0,"1":0,"2":0,"3":0,"4":0,"5":0,"6":0,"7":0,"8":0,"9":0,"10":0,"11":0,"12":0,"13":0,"14":0,"15":0,"16":0,"17":0,"18":0,"19":0,"20":0,"21":0,"22":0,"23":0,"24":0},"f":{"0":0,"1":0,"2":0,"3":0,"4":0,"5":0},"b":{"0":[0,0],"1":[0],"2":[0,0],"3":[0],"4":[0,0],"5":[0]}}
,"C:\\Users\\maste\\SCINGOS_WORK\\ScingOS\\client\\lib\\evidence\\sync.ts": {"path":"C:\\Users\\maste\\SCINGOS_WORK\\ScingOS\\client\\lib\\evidence\\sync.ts","statementMap":{"0":{"start":{"line":7,"column":22},"end":{"line":7,"column":null}},"1":{"start":{"line":1,"column":30},"end":{"line":1,"column":null}},"2":{"start":{"line":3,"column":28},"end":{"line":3,"column":null}},"3":{"start":{"line":4,"column":31},"end":{"line":4,"column":null}},"4":{"start":{"line":5,"column":46},"end":{"line":5,"column":null}},"5":{"start":{"line":8,"column":12},"end":{"line":8,"column":null}},"6":{"start":{"line":9,"column":2},"end":{"line":9,"column":null}},"7":{"start":{"line":9,"column":22},"end":{"line":9,"column":null}},"8":{"start":{"line":11,"column":15},"end":{"line":11,"column":null}},"9":{"start":{"line":12,"column":2},"end":{"line":12,"column":null}},"10":{"start":{"line":12,"column":13},"end":{"line":12,"column":null}},"11":{"start":{"line":14,"column":2},"end":{"line":41,"column":null}},"12":{"start":{"line":15,"column":4},"end":{"line":15,"column":null}},"13":{"start":{"line":15,"column":14},"end":{"line":15,"column":null}},"14":{"start":{"line":16,"column":4},"end":{"line":16,"column":null}},"15":{"start":{"line":16,"column":20},"end":{"line":16,"column":null}},"16":{"start":{"line":18,"column":4},"end":{"line":21,"column":null}},"17":{"start":{"line":19,"column":18},"end":{"line":19,"column":null}},"18":{"start":{"line":20,"column":6},"end":{"line":20,"column":null}},"19":{"start":{"line":23,"column":4},"end":{"line":34,"column":null}},"20":{"start":{"line":24,"column":24},"end":{"line":24,"column":null}},"21":{"start":{"line":25,"column":17},"end":{"line":25,"column":null}},"22":{"start":{"line":26,"column":6},"end":{"line":33,"column":null}},"23":{"start":{"line":36,"column":4},"end":{"line":36,"column":null}},"24":{"start":{"line":38,"column":22},"end":{"line":38,"column":null}},"25":{"start":{"line":39,"column":4},"end":{"line":39,"column":null}},"26":{"start":{"line":40,"column":4},"end":{"line":40,"column":null}}},"fnMap":{"0":{"name":"syncOnce","decl":{"start":{"line":7,"column":22},"end":{"line":7,"column":null}},"loc":{"start":{"line":7,"column":22},"end":{"line":42,"column":null}}}},"branchMap":{"0":{"loc":{"start":{"line":9,"column":2},"end":{"line":9,"column":null}},"type":"if","locations":[{"start":{"line":9,"column":2},"end":{"line":9,"column":null}}]},"1":{"loc":{"start":{"line":12,"column":2},"end":{"line":12,"column":null}},"type":"if","locations":[{"start":{"line":12,"column":2},"end":{"line":12,"column":null}}]},"2":{"loc":{"start":{"line":15,"column":4},"end":{"line":15,"column":null}},"type":"if","locations":[{"start":{"line":15,"column":4},"end":{"line":15,"column":null}}]},"3":{"loc":{"start":{"line":16,"column":4},"end":{"line":16,"column":null}},"type":"if","locations":[{"start":{"line":16,"column":4},"end":{"line":16,"column":null}}]},"4":{"loc":{"start":{"line":18,"column":4},"end":{"line":21,"column":null}},"type":"if","locations":[{"start":{"line":18,"column":4},"end":{"line":21,"column":null}}]},"5":{"loc":{"start":{"line":23,"column":4},"end":{"line":34,"column":null}},"type":"if","locations":[{"start":{"line":23,"column":4},"end":{"line":34,"column":null}}]},"6":{"loc":{"start":{"line":31,"column":19},"end":{"line":31,"column":null}},"type":"binary-expr","locations":[{"start":{"line":31,"column":19},"end":{"line":31,"column":33}},{"start":{"line":31,"column":37},"end":{"line":31,"column":null}}]}},"s":{"0":0,"1":0,"2":0,"3":0,"4":0,"5":0,"6":0,"7":0,"8":0,"9":0,"10":0,"11":0,"12":0,"13":0,"14":0,"15":0,"16":0,"17":0,"18":0,"19":0,"20":0,"21":0,"22":0,"23":0,"24":0,"25":0,"26":0},"f":{"0":0},"b":{"0":[0],"1":[0],"2":[0],"3":[0],"4":[0],"5":[0],"6":[0,0]}}
,"C:\\Users\\maste\\SCINGOS_WORK\\ScingOS\\client\\lib\\isdc\\client.ts": {"path":"C:\\Users\\maste\\SCINGOS_WORK\\ScingOS\\client\\lib\\isdc\\client.ts","statementMap":{"0":{"start":{"line":24,"column":13},"end":{"line":24,"column":23}},"1":{"start":{"line":195,"column":16},"end":{"line":195,"column":32}},"2":{"start":{"line":6,"column":44},"end":{"line":6,"column":null}},"3":{"start":{"line":29,"column":4},"end":{"line":29,"column":null}},"4":{"start":{"line":30,"column":4},"end":{"line":30,"column":null}},"5":{"start":{"line":40,"column":33},"end":{"line":49,"column":null}},"6":{"start":{"line":51,"column":26},"end":{"line":51,"column":null}},"7":{"start":{"line":52,"column":21},"end":{"line":52,"column":null}},"8":{"start":{"line":54,"column":4},"end":{"line":54,"column":null}},"9":{"start":{"line":75,"column":40},"end":{"line":83,"column":null}},"10":{"start":{"line":85,"column":4},"end":{"line":85,"column":null}},"11":{"start":{"line":96,"column":40},"end":{"line":100,"column":null}},"12":{"start":{"line":102,"column":4},"end":{"line":102,"column":null}},"13":{"start":{"line":111,"column":39},"end":{"line":113,"column":null}},"14":{"start":{"line":115,"column":4},"end":{"line":115,"column":null}},"15":{"start":{"line":124,"column":39},"end":{"line":126,"column":null}},"16":{"start":{"line":128,"column":4},"end":{"line":128,"column":null}},"17":{"start":{"line":137,"column":36},"end":{"line":139,"column":null}},"18":{"start":{"line":141,"column":4},"end":{"line":141,"column":null}},"19":{"start":{"line":150,"column":36},"end":{"line":152,"column":null}},"20":{"start":{"line":154,"column":4},"end":{"line":154,"column":null}},"21":{"start":{"line":166,"column":47},"end":{"line":172,"column":null}},"22":{"start":{"line":174,"column":4},"end":{"line":174,"column":null}},"23":{"start":{"line":181,"column":4},"end":{"line":181,"column":null}},"24":{"start":{"line":188,"column":4},"end":{"line":188,"column":null}},"25":{"start":{"line":196,"column":2},"end":{"line":196,"column":null}}},"fnMap":{"0":{"name":"(anonymous_3)","decl":{"start":{"line":28,"column":2},"end":{"line":28,"column":14}},"loc":{"start":{"line":28,"column":34},"end":{"line":31,"column":null}}},"1":{"name":"(anonymous_4)","decl":{"start":{"line":36,"column":2},"end":{"line":36,"column":16}},"loc":{"start":{"line":39,"column":18},"end":{"line":55,"column":null}}},"2":{"name":"(anonymous_5)","decl":{"start":{"line":61,"column":2},"end":{"line":61,"column":8}},"loc":{"start":{"line":74,"column":34},"end":{"line":86,"column":null}}},"3":{"name":"(anonymous_6)","decl":{"start":{"line":91,"column":2},"end":{"line":91,"column":8}},"loc":{"start":{"line":95,"column":34},"end":{"line":103,"column":null}}},"4":{"name":"(anonymous_7)","decl":{"start":{"line":108,"column":2},"end":{"line":108,"column":8}},"loc":{"start":{"line":110,"column":73},"end":{"line":116,"column":null}}},"5":{"name":"(anonymous_8)","decl":{"start":{"line":121,"column":2},"end":{"line":121,"column":8}},"loc":{"start":{"line":123,"column":73},"end":{"line":129,"column":null}}},"6":{"name":"(anonymous_9)","decl":{"start":{"line":134,"column":2},"end":{"line":134,"column":8}},"loc":{"start":{"line":136,"column":70},"end":{"line":142,"column":null}}},"7":{"name":"(anonymous_10)","decl":{"start":{"line":147,"column":2},"end":{"line":147,"column":8}},"loc":{"start":{"line":149,"column":70},"end":{"line":155,"column":null}}},"8":{"name":"(anonymous_11)","decl":{"start":{"line":160,"column":2},"end":{"line":160,"column":8}},"loc":{"start":{"line":165,"column":74},"end":{"line":175,"column":null}}},"9":{"name":"(anonymous_12)","decl":{"start":{"line":180,"column":2},"end":{"line":180,"column":37}},"loc":{"start":{"line":180,"column":38},"end":{"line":182,"column":null}}},"10":{"name":"(anonymous_13)","decl":{"start":{"line":187,"column":2},"end":{"line":187,"column":25}},"loc":{"start":{"line":187,"column":25},"end":{"line":189,"column":null}}},"11":{"name":"createISDCClient","decl":{"start":{"line":195,"column":16},"end":{"line":195,"column":32}},"loc":{"start":{"line":195,"column":51},"end":{"line":197,"column":null}}}},"branchMap":{"0":{"loc":{"start":{"line":29,"column":21},"end":{"line":29,"column":null}},"type":"binary-expr","locations":[{"start":{"line":29,"column":21},"end":{"line":29,"column":34}},{"start":{"line":29,"column":34},"end":{"line":29,"column":null}}]},"1":{"loc":{"start":{"line":76,"column":17},"end":{"line":76,"column":null}},"type":"binary-expr","locations":[{"start":{"line":76,"column":17},"end":{"line":76,"column":39}},{"start":{"line":76,"column":39},"end":{"line":76,"column":null}}]},"2":{"loc":{"start":{"line":170,"column":19},"end":{"line":170,"column":null}},"type":"binary-expr","locations":[{"start":{"line":170,"column":19},"end":{"line":170,"column":29}},{"start":{"line":170,"column":29},"end":{"line":170,"column":null}}]}},"s":{"0":0,"1":0,"2":0,"3":0,"4":0,"5":0,"6":0,"7":0,"8":0,"9":0,"10":0,"11":0,"12":0,"13":0,"14":0,"15":0,"16":0,"17":0,"18":0,"19":0,"20":0,"21":0,"22":0,"23":0,"24":0,"25":0},"f":{"0":0,"1":0,"2":0,"3":0,"4":0,"5":0,"6":0,"7":0,"8":0,"9":0,"10":0,"11":0},"b":{"0":[0,0],"1":[0,0],"2":[0,0]}}
,"C:\\Users\\maste\\SCINGOS_WORK\\ScingOS\\client\\lib\\isdc\\index.ts": {"path":"C:\\Users\\maste\\SCINGOS_WORK\\ScingOS\\client\\lib\\isdc\\index.ts","statementMap":{"0":{"start":{"line":6,"column":9},"end":{"line":6,"column":21}},"1":{"start":{"line":6,"column":21},"end":{"line":6,"column":45}},"2":{"start":{"line":6,"column":45},"end":{"line":6,"column":null}},"3":{"start":{"line":7,"column":14},"end":{"line":7,"column":null}}},"fnMap":{},"branchMap":{},"s":{"0":0,"1":0,"2":0,"3":0},"f":{},"b":{}}
,"C:\\Users\\maste\\SCINGOS_WORK\\ScingOS\\client\\lib\\isdc\\types.ts": {"path":"C:\\Users\\maste\\SCINGOS_WORK\\ScingOS\\client\\lib\\isdc\\types.ts","statementMap":{"0":{"start":{"line":6,"column":13},"end":{"line":6,"column":34}},"1":{"start":{"line":6,"column":37},"end":{"line":6,"column":null}},"2":{"start":{"line":179,"column":12},"end":{"line":179,"column":null}}},"fnMap":{"0":{"name":"(anonymous_3)","decl":{"start":{"line":179,"column":12},"end":{"line":179,"column":null}},"loc":{"start":{"line":179,"column":12},"end":{"line":179,"column":null}}}},"branchMap":{"0":{"loc":{"start":{"line":179,"column":12},"end":{"line":179,"column":null}},"type":"binary-expr","locations":[{"start":{"line":179,"column":12},"end":{"line":179,"column":null}},{"start":{"line":179,"column":12},"end":{"line":179,"column":null}}]}},"s":{"0":0,"1":0,"2":0},"f":{"0":0},"b":{"0":[0,0]}}
,"C:\\Users\\maste\\SCINGOS_WORK\\ScingOS\\client\\lib\\store\\authStore.ts": {"path":"C:\\Users\\maste\\SCINGOS_WORK\\ScingOS\\client\\lib\\store\\authStore.ts","statementMap":{"0":{"start":{"line":11,"column":13},"end":{"line":11,"column":28}},"1":{"start":{"line":1,"column":23},"end":{"line":1,"column":null}},"2":{"start":{"line":11,"column":28},"end":{"line":16,"column":null}},"3":{"start":{"line":11,"column":56},"end":{"line":16,"column":null}},"4":{"start":{"line":14,"column":21},"end":{"line":14,"column":null}},"5":{"start":{"line":15,"column":27},"end":{"line":15,"column":null}}},"fnMap":{"0":{"name":"(anonymous_1)","decl":{"start":{"line":11,"column":46},"end":{"line":11,"column":47}},"loc":{"start":{"line":11,"column":56},"end":{"line":16,"column":null}}},"1":{"name":"(anonymous_2)","decl":{"start":{"line":14,"column":11},"end":{"line":14,"column":12}},"loc":{"start":{"line":14,"column":21},"end":{"line":14,"column":null}}},"2":{"name":"(anonymous_3)","decl":{"start":{"line":15,"column":14},"end":{"line":15,"column":15}},"loc":{"start":{"line":15,"column":27},"end":{"line":15,"column":null}}}},"branchMap":{},"s":{"0":0,"1":0,"2":0,"3":0,"4":0,"5":0},"f":{"0":0,"1":0,"2":0},"b":{}}
,"C:\\Users\\maste\\SCINGOS_WORK\\ScingOS\\client\\pages\\404.tsx": {"path":"C:\\Users\\maste\\SCINGOS_WORK\\ScingOS\\client\\pages\\404.tsx","statementMap":{"0":{"start":{"line":5,"column":24},"end":{"line":5,"column":null}},"1":{"start":{"line":1,"column":17},"end":{"line":1,"column":null}},"2":{"start":{"line":2,"column":17},"end":{"line":2,"column":null}},"3":{"start":{"line":3,"column":23},"end":{"line":3,"column":null}}},"fnMap":{"0":{"name":"NotFound","decl":{"start":{"line":5,"column":24},"end":{"line":5,"column":null}},"loc":{"start":{"line":5,"column":24},"end":{"line":33,"column":null}}}},"branchMap":{},"s":{"0":0,"1":0,"2":0,"3":0},"f":{"0":0},"b":{}}
,"C:\\Users\\maste\\SCINGOS_WORK\\ScingOS\\client\\pages\\500.tsx": {"path":"C:\\Users\\maste\\SCINGOS_WORK\\ScingOS\\client\\pages\\500.tsx","statementMap":{"0":{"start":{"line":5,"column":24},"end":{"line":5,"column":null}},"1":{"start":{"line":1,"column":17},"end":{"line":1,"column":null}},"2":{"start":{"line":2,"column":17},"end":{"line":2,"column":null}},"3":{"start":{"line":3,"column":23},"end":{"line":3,"column":null}},"4":{"start":{"line":24,"column":37},"end":{"line":24,"column":63}}},"fnMap":{"0":{"name":"ServerError","decl":{"start":{"line":5,"column":24},"end":{"line":5,"column":null}},"loc":{"start":{"line":5,"column":24},"end":{"line":33,"column":null}}},"1":{"name":"(anonymous_3)","decl":{"start":{"line":24,"column":31},"end":{"line":24,"column":37}},"loc":{"start":{"line":24,"column":37},"end":{"line":24,"column":63}}}},"branchMap":{},"s":{"0":0,"1":0,"2":0,"3":0,"4":0},"f":{"0":0,"1":0},"b":{}}
,"C:\\Users\\maste\\SCINGOS_WORK\\ScingOS\\client\\pages\\dashboard.tsx": {"path":"C:\\Users\\maste\\SCINGOS_WORK\\ScingOS\\client\\pages\\dashboard.tsx","statementMap":{"0":{"start":{"line":16,"column":24},"end":{"line":16,"column":null}},"1":{"start":{"line":1,"column":36},"end":{"line":1,"column":null}},"2":{"start":{"line":2,"column":17},"end":{"line":2,"column":null}},"3":{"start":{"line":3,"column":26},"end":{"line":3,"column":null}},"4":{"start":{"line":4,"column":23},"end":{"line":4,"column":null}},"5":{"start":{"line":5,"column":29},"end":{"line":5,"column":null}},"6":{"start":{"line":6,"column":66},"end":{"line":6,"column":null}},"7":{"start":{"line":7,"column":26},"end":{"line":7,"column":null}},"8":{"start":{"line":17,"column":17},"end":{"line":17,"column":null}},"9":{"start":{"line":18,"column":28},"end":{"line":18,"column":null}},"10":{"start":{"line":19,"column":34},"end":{"line":19,"column":null}},"11":{"start":{"line":20,"column":48},"end":{"line":20,"column":null}},"12":{"start":{"line":22,"column":2},"end":{"line":26,"column":null}},"13":{"start":{"line":23,"column":4},"end":{"line":25,"column":null}},"14":{"start":{"line":24,"column":6},"end":{"line":24,"column":null}},"15":{"start":{"line":28,"column":2},"end":{"line":32,"column":null}},"16":{"start":{"line":29,"column":4},"end":{"line":31,"column":null}},"17":{"start":{"line":30,"column":6},"end":{"line":30,"column":null}},"18":{"start":{"line":34,"column":24},"end":{"line":62,"column":null}},"19":{"start":{"line":35,"column":4},"end":{"line":35,"column":null}},"20":{"start":{"line":35,"column":15},"end":{"line":35,"column":null}},"21":{"start":{"line":36,"column":4},"end":{"line":40,"column":null}},"22":{"start":{"line":37,"column":6},"end":{"line":37,"column":null}},"23":{"start":{"line":38,"column":6},"end":{"line":38,"column":null}},"24":{"start":{"line":39,"column":6},"end":{"line":39,"column":null}},"25":{"start":{"line":42,"column":4},"end":{"line":61,"column":null}},"26":{"start":{"line":43,"column":16},"end":{"line":47,"column":null}},"27":{"start":{"line":50,"column":28},"end":{"line":50,"column":null}},"28":{"start":{"line":51,"column":27},"end":{"line":54,"column":null}},"29":{"start":{"line":51,"column":60},"end":{"line":54,"column":null}},"30":{"start":{"line":56,"column":6},"end":{"line":56,"column":null}},"31":{"start":{"line":58,"column":6},"end":{"line":58,"column":null}},"32":{"start":{"line":60,"column":6},"end":{"line":60,"column":null}},"33":{"start":{"line":64,"column":2},"end":{"line":72,"column":null}},"34":{"start":{"line":115,"column":22},"end":{"line":115,"column":44}}},"fnMap":{"0":{"name":"Dashboard","decl":{"start":{"line":16,"column":24},"end":{"line":16,"column":null}},"loc":{"start":{"line":16,"column":24},"end":{"line":130,"column":null}}},"1":{"name":"(anonymous_3)","decl":{"start":{"line":22,"column":12},"end":{"line":22,"column":null}},"loc":{"start":{"line":22,"column":12},"end":{"line":26,"column":5}}},"2":{"name":"(anonymous_4)","decl":{"start":{"line":28,"column":12},"end":{"line":28,"column":null}},"loc":{"start":{"line":28,"column":12},"end":{"line":32,"column":5}}},"3":{"name":"(anonymous_5)","decl":{"start":{"line":34,"column":24},"end":{"line":34,"column":null}},"loc":{"start":{"line":34,"column":24},"end":{"line":62,"column":null}}},"4":{"name":"(anonymous_6)","decl":{"start":{"line":51,"column":50},"end":{"line":51,"column":51}},"loc":{"start":{"line":51,"column":60},"end":{"line":54,"column":null}}},"5":{"name":"(anonymous_7)","decl":{"start":{"line":114,"column":34},"end":{"line":114,"column":35}},"loc":{"start":{"line":115,"column":22},"end":{"line":115,"column":44}}}},"branchMap":{"0":{"loc":{"start":{"line":23,"column":4},"end":{"line":25,"column":null}},"type":"if","locations":[{"start":{"line":23,"column":4},"end":{"line":25,"column":null}}]},"1":{"loc":{"start":{"line":23,"column":8},"end":{"line":23,"column":27}},"type":"binary-expr","locations":[{"start":{"line":23,"column":8},"end":{"line":23,"column":20}},{"start":{"line":23,"column":20},"end":{"line":23,"column":27}}]},"2":{"loc":{"start":{"line":29,"column":4},"end":{"line":31,"column":null}},"type":"if","locations":[{"start":{"line":29,"column":4},"end":{"line":31,"column":null}}]},"3":{"loc":{"start":{"line":35,"column":4},"end":{"line":35,"column":null}},"type":"if","locations":[{"start":{"line":35,"column":4},"end":{"line":35,"column":null}}]},"4":{"loc":{"start":{"line":36,"column":4},"end":{"line":40,"column":null}},"type":"if","locations":[{"start":{"line":36,"column":4},"end":{"line":40,"column":null}}]},"5":{"loc":{"start":{"line":64,"column":2},"end":{"line":72,"column":null}},"type":"if","locations":[{"start":{"line":64,"column":2},"end":{"line":72,"column":null}}]},"6":{"loc":{"start":{"line":64,"column":6},"end":{"line":64,"column":24}},"type":"binary-expr","locations":[{"start":{"line":64,"column":6},"end":{"line":64,"column":17}},{"start":{"line":64,"column":17},"end":{"line":64,"column":24}}]},"7":{"loc":{"start":{"line":109,"column":18},"end":{"line":112,"column":29}},"type":"cond-expr","locations":[{"start":{"line":109,"column":18},"end":{"line":112,"column":29}}]},"8":{"loc":{"start":{"line":113,"column":18},"end":{"line":121,"column":19}},"type":"cond-expr","locations":[{"start":{"line":113,"column":18},"end":{"line":121,"column":19}}]}},"s":{"0":0,"1":0,"2":0,"3":0,"4":0,"5":0,"6":0,"7":0,"8":0,"9":0,"10":0,"11":0,"12":0,"13":0,"14":0,"15":0,"16":0,"17":0,"18":0,"19":0,"20":0,"21":0,"22":0,"23":0,"24":0,"25":0,"26":0,"27":0,"28":0,"29":0,"30":0,"31":0,"32":0,"33":0,"34":0},"f":{"0":0,"1":0,"2":0,"3":0,"4":0,"5":0},"b":{"0":[0],"1":[0,0],"2":[0],"3":[0],"4":[0],"5":[0],"6":[0,0],"7":[0],"8":[0]}}
,"C:\\Users\\maste\\SCINGOS_WORK\\ScingOS\\client\\pages\\index.tsx": {"path":"C:\\Users\\maste\\SCINGOS_WORK\\ScingOS\\client\\pages\\index.tsx","statementMap":{"0":{"start":{"line":7,"column":24},"end":{"line":7,"column":null}},"1":{"start":{"line":1,"column":25},"end":{"line":1,"column":null}},"2":{"start":{"line":2,"column":17},"end":{"line":2,"column":null}},"3":{"start":{"line":3,"column":28},"end":{"line":3,"column":null}},"4":{"start":{"line":4,"column":23},"end":{"line":4,"column":null}},"5":{"start":{"line":5,"column":29},"end":{"line":5,"column":null}},"6":{"start":{"line":8,"column":19},"end":{"line":8,"column":null}},"7":{"start":{"line":9,"column":40},"end":{"line":9,"column":null}},"8":{"start":{"line":11,"column":32},"end":{"line":14,"column":null}},"9":{"start":{"line":12,"column":4},"end":{"line":12,"column":null}},"10":{"start":{"line":13,"column":4},"end":{"line":13,"column":null}}},"fnMap":{"0":{"name":"Home","decl":{"start":{"line":7,"column":24},"end":{"line":7,"column":null}},"loc":{"start":{"line":7,"column":24},"end":{"line":67,"column":null}}},"1":{"name":"(anonymous_3)","decl":{"start":{"line":11,"column":32},"end":{"line":11,"column":null}},"loc":{"start":{"line":11,"column":32},"end":{"line":14,"column":null}}}},"branchMap":{"0":{"loc":{"start":{"line":35,"column":14},"end":{"line":52,"column":15}},"type":"cond-expr","locations":[{"start":{"line":35,"column":14},"end":{"line":52,"column":15}}]},"1":{"loc":{"start":{"line":44,"column":19},"end":{"line":44,"column":null}},"type":"binary-expr","locations":[{"start":{"line":44,"column":19},"end":{"line":44,"column":null}}]}},"s":{"0":0,"1":0,"2":0,"3":0,"4":0,"5":0,"6":0,"7":0,"8":0,"9":0,"10":0},"f":{"0":0,"1":0},"b":{"0":[0],"1":[0]}}
,"C:\\Users\\maste\\SCINGOS_WORK\\ScingOS\\client\\pages\\api\\neural\\poll.ts": {"path":"C:\\Users\\maste\\SCINGOS_WORK\\ScingOS\\client\\pages\\api\\neural\\poll.ts","statementMap":{"0":{"start":{"line":52,"column":24},"end":{"line":52,"column":32}},"1":{"start":{"line":23,"column":2},"end":{"line":23,"column":null}},"2":{"start":{"line":27,"column":16},"end":{"line":27,"column":null}},"3":{"start":{"line":28,"column":20},"end":{"line":28,"column":null}},"4":{"start":{"line":30,"column":30},"end":{"line":30,"column":null}},"5":{"start":{"line":31,"column":15},"end":{"line":31,"column":60}},"6":{"start":{"line":33,"column":19},"end":{"line":37,"column":null}},"7":{"start":{"line":39,"column":2},"end":{"line":49,"column":null}},"8":{"start":{"line":53,"column":2},"end":{"line":53,"column":null}},"9":{"start":{"line":54,"column":2},"end":{"line":54,"column":null}},"10":{"start":{"line":55,"column":2},"end":{"line":55,"column":null}},"11":{"start":{"line":57,"column":2},"end":{"line":60,"column":null}},"12":{"start":{"line":58,"column":4},"end":{"line":58,"column":null}},"13":{"start":{"line":59,"column":4},"end":{"line":59,"column":null}},"14":{"start":{"line":62,"column":13},"end":{"line":62,"column":null}},"15":{"start":{"line":63,"column":2},"end":{"line":63,"column":null}}},"fnMap":{"0":{"name":"clamp01","decl":{"start":{"line":22,"column":9},"end":{"line":22,"column":17}},"loc":{"start":{"line":22,"column":26},"end":{"line":24,"column":null}}},"1":{"name":"makeEvent","decl":{"start":{"line":26,"column":9},"end":{"line":26,"column":19}},"loc":{"start":{"line":26,"column":29},"end":{"line":50,"column":null}}},"2":{"name":"handler","decl":{"start":{"line":52,"column":24},"end":{"line":52,"column":32}},"loc":{"start":{"line":52,"column":73},"end":{"line":64,"column":null}}}},"branchMap":{"0":{"loc":{"start":{"line":34,"column":10},"end":{"line":34,"column":null}},"type":"cond-expr","locations":[{"start":{"line":34,"column":29},"end":{"line":34,"column":33}},{"start":{"line":34,"column":33},"end":{"line":34,"column":null}}]},"1":{"loc":{"start":{"line":34,"column":33},"end":{"line":34,"column":null}},"type":"cond-expr","locations":[{"start":{"line":34,"column":51},"end":{"line":34,"column":58}},{"start":{"line":34,"column":58},"end":{"line":34,"column":null}}]},"2":{"loc":{"start":{"line":35,"column":10},"end":{"line":35,"column":null}},"type":"cond-expr","locations":[{"start":{"line":35,"column":29},"end":{"line":35,"column":33}},{"start":{"line":35,"column":33},"end":{"line":35,"column":null}}]},"3":{"loc":{"start":{"line":36,"column":8},"end":{"line":36,"column":null}},"type":"cond-expr","locations":[{"start":{"line":36,"column":27},"end":{"line":36,"column":34}},{"start":{"line":36,"column":34},"end":{"line":36,"column":null}}]},"4":{"loc":{"start":{"line":46,"column":12},"end":{"line":46,"column":null}},"type":"cond-expr","locations":[{"start":{"line":46,"column":31},"end":{"line":46,"column":50}},{"start":{"line":46,"column":50},"end":{"line":46,"column":null}}]},"5":{"loc":{"start":{"line":46,"column":50},"end":{"line":46,"column":null}},"type":"cond-expr","locations":[{"start":{"line":46,"column":69},"end":{"line":46,"column":88}},{"start":{"line":46,"column":88},"end":{"line":46,"column":null}}]},"6":{"loc":{"start":{"line":57,"column":2},"end":{"line":60,"column":null}},"type":"if","locations":[{"start":{"line":57,"column":2},"end":{"line":60,"column":null}}]}},"s":{"0":0,"1":0,"2":0,"3":0,"4":0,"5":0,"6":0,"7":0,"8":0,"9":0,"10":0,"11":0,"12":0,"13":0,"14":0,"15":0},"f":{"0":0,"1":0,"2":0},"b":{"0":[0,0],"1":[0,0],"2":[0,0],"3":[0,0],"4":[0,0],"5":[0,0],"6":[0]}}
,"C:\\Users\\maste\\SCINGOS_WORK\\ScingOS\\client\\pages\\api\\neural\\stream.ts": {"path":"C:\\Users\\maste\\SCINGOS_WORK\\ScingOS\\client\\pages\\api\\neural\\stream.ts","statementMap":{"0":{"start":{"line":22,"column":13},"end":{"line":22,"column":19}},"1":{"start":{"line":62,"column":24},"end":{"line":62,"column":32}},"2":{"start":{"line":22,"column":22},"end":{"line":26,"column":null}},"3":{"start":{"line":29,"column":2},"end":{"line":29,"column":null}},"4":{"start":{"line":33,"column":16},"end":{"line":33,"column":null}},"5":{"start":{"line":34,"column":20},"end":{"line":34,"column":null}},"6":{"start":{"line":36,"column":30},"end":{"line":36,"column":null}},"7":{"start":{"line":37,"column":15},"end":{"line":37,"column":60}},"8":{"start":{"line":39,"column":19},"end":{"line":43,"column":null}},"9":{"start":{"line":45,"column":2},"end":{"line":55,"column":null}},"10":{"start":{"line":59,"column":2},"end":{"line":59,"column":null}},"11":{"start":{"line":63,"column":2},"end":{"line":63,"column":null}},"12":{"start":{"line":64,"column":2},"end":{"line":64,"column":null}},"13":{"start":{"line":65,"column":2},"end":{"line":65,"column":null}},"14":{"start":{"line":67,"column":2},"end":{"line":70,"column":null}},"15":{"start":{"line":68,"column":4},"end":{"line":68,"column":null}},"16":{"start":{"line":69,"column":4},"end":{"line":69,"column":null}},"17":{"start":{"line":72,"column":2},"end":{"line":76,"column":null}},"18":{"start":{"line":79,"column":2},"end":{"line":79,"column":null}},"19":{"start":{"line":82,"column":2},"end":{"line":86,"column":null}},"20":{"start":{"line":83,"column":4},"end":{"line":83,"column":null}},"21":{"start":{"line":89,"column":2},"end":{"line":89,"column":null}},"22":{"start":{"line":92,"column":15},"end":{"line":92,"column":null}},"23":{"start":{"line":93,"column":17},"end":{"line":93,"column":null}},"24":{"start":{"line":95,"column":19},"end":{"line":109,"column":null}},"25":{"start":{"line":96,"column":4},"end":{"line":96,"column":null}},"26":{"start":{"line":96,"column":16},"end":{"line":96,"column":null}},"27":{"start":{"line":98,"column":18},"end":{"line":98,"column":null}},"28":{"start":{"line":99,"column":14},"end":{"line":106,"column":null}},"29":{"start":{"line":100,"column":6},"end":{"line":100,"column":null}},"30":{"start":{"line":100,"column":18},"end":{"line":100,"column":null}},"31":{"start":{"line":103,"column":6},"end":{"line":103,"column":null}},"32":{"start":{"line":104,"column":6},"end":{"line":104,"column":null}},"33":{"start":{"line":105,"column":6},"end":{"line":105,"column":null}},"34":{"start":{"line":108,"column":4},"end":{"line":108,"column":null}},"35":{"start":{"line":111,"column":2},"end":{"line":111,"column":null}},"36":{"start":{"line":113,"column":18},"end":{"line":118,"column":null}},"37":{"start":{"line":114,"column":4},"end":{"line":114,"column":null}},"38":{"start":{"line":115,"column":4},"end":{"line":115,"column":null}},"39":{"start":{"line":115,"column":28},"end":{"line":115,"column":null}},"40":{"start":{"line":116,"column":4},"end":{"line":116,"column":null}},"41":{"start":{"line":117,"column":4},"end":{"line":117,"column":null}},"42":{"start":{"line":120,"column":2},"end":{"line":120,"column":null}}},"fnMap":{"0":{"name":"clamp01","decl":{"start":{"line":28,"column":9},"end":{"line":28,"column":17}},"loc":{"start":{"line":28,"column":26},"end":{"line":30,"column":null}}},"1":{"name":"makeEvent","decl":{"start":{"line":32,"column":9},"end":{"line":32,"column":19}},"loc":{"start":{"line":32,"column":29},"end":{"line":56,"column":null}}},"2":{"name":"writeEvent","decl":{"start":{"line":58,"column":9},"end":{"line":58,"column":20}},"loc":{"start":{"line":58,"column":58},"end":{"line":60,"column":null}}},"3":{"name":"handler","decl":{"start":{"line":62,"column":24},"end":{"line":62,"column":32}},"loc":{"start":{"line":62,"column":73},"end":{"line":121,"column":1}}},"4":{"name":"(anonymous_7)","decl":{"start":{"line":95,"column":19},"end":{"line":95,"column":null}},"loc":{"start":{"line":95,"column":19},"end":{"line":109,"column":null}}},"5":{"name":"(anonymous_8)","decl":{"start":{"line":99,"column":25},"end":{"line":99,"column":null}},"loc":{"start":{"line":99,"column":25},"end":{"line":106,"column":7}}},"6":{"name":"(anonymous_9)","decl":{"start":{"line":113,"column":18},"end":{"line":113,"column":null}},"loc":{"start":{"line":113,"column":18},"end":{"line":118,"column":null}}}},"branchMap":{"0":{"loc":{"start":{"line":40,"column":10},"end":{"line":40,"column":null}},"type":"cond-expr","locations":[{"start":{"line":40,"column":29},"end":{"line":40,"column":33}},{"start":{"line":40,"column":33},"end":{"line":40,"column":null}}]},"1":{"loc":{"start":{"line":40,"column":33},"end":{"line":40,"column":null}},"type":"cond-expr","locations":[{"start":{"line":40,"column":51},"end":{"line":40,"column":58}},{"start":{"line":40,"column":58},"end":{"line":40,"column":null}}]},"2":{"loc":{"start":{"line":41,"column":10},"end":{"line":41,"column":null}},"type":"cond-expr","locations":[{"start":{"line":41,"column":29},"end":{"line":41,"column":33}},{"start":{"line":41,"column":33},"end":{"line":41,"column":null}}]},"3":{"loc":{"start":{"line":42,"column":8},"end":{"line":42,"column":null}},"type":"cond-expr","locations":[{"start":{"line":42,"column":27},"end":{"line":42,"column":34}},{"start":{"line":42,"column":34},"end":{"line":42,"column":null}}]},"4":{"loc":{"start":{"line":52,"column":12},"end":{"line":52,"column":null}},"type":"cond-expr","locations":[{"start":{"line":52,"column":31},"end":{"line":52,"column":50}},{"start":{"line":52,"column":50},"end":{"line":52,"column":null}}]},"5":{"loc":{"start":{"line":52,"column":50},"end":{"line":52,"column":null}},"type":"cond-expr","locations":[{"start":{"line":52,"column":69},"end":{"line":52,"column":88}},{"start":{"line":52,"column":88},"end":{"line":52,"column":null}}]},"6":{"loc":{"start":{"line":67,"column":2},"end":{"line":70,"column":null}},"type":"if","locations":[{"start":{"line":67,"column":2},"end":{"line":70,"column":null}}]},"7":{"loc":{"start":{"line":96,"column":4},"end":{"line":96,"column":null}},"type":"if","locations":[{"start":{"line":96,"column":4},"end":{"line":96,"column":null}}]},"8":{"loc":{"start":{"line":100,"column":6},"end":{"line":100,"column":null}},"type":"if","locations":[{"start":{"line":100,"column":6},"end":{"line":100,"column":null}}]}},"s":{"0":0,"1":0,"2":0,"3":0,"4":0,"5":0,"6":0,"7":0,"8":0,"9":0,"10":0,"11":0,"12":0,"13":0,"14":0,"15":0,"16":0,"17":0,"18":0,"19":0,"20":0,"21":0,"22":0,"23":0,"24":0,"25":0,"26":0,"27":0,"28":0,"29":0,"30":0,"31":0,"32":0,"33":0,"34":0,"35":0,"36":0,"37":0,"38":0,"39":0,"40":0,"41":0,"42":0},"f":{"0":0,"1":0,"2":0,"3":0,"4":0,"5":0,"6":0},"b":{"0":[0,0],"1":[0,0],"2":[0,0],"3":[0,0],"4":[0,0],"5":[0,0],"6":[0],"7":[0],"8":[0]}}
,"C:\\Users\\maste\\SCINGOS_WORK\\ScingOS\\client\\pages\\auth\\signin.tsx": {"path":"C:\\Users\\maste\\SCINGOS_WORK\\ScingOS\\client\\pages\\auth\\signin.tsx","statementMap":{"0":{"start":{"line":9,"column":24},"end":{"line":9,"column":null}},"1":{"start":{"line":1,"column":25},"end":{"line":1,"column":null}},"2":{"start":{"line":2,"column":17},"end":{"line":2,"column":null}},"3":{"start":{"line":3,"column":17},"end":{"line":3,"column":null}},"4":{"start":{"line":4,"column":26},"end":{"line":4,"column":null}},"5":{"start":{"line":5,"column":80},"end":{"line":5,"column":null}},"6":{"start":{"line":6,"column":21},"end":{"line":6,"column":null}},"7":{"start":{"line":7,"column":23},"end":{"line":7,"column":null}},"8":{"start":{"line":10,"column":17},"end":{"line":10,"column":null}},"9":{"start":{"line":11,"column":28},"end":{"line":11,"column":null}},"10":{"start":{"line":12,"column":34},"end":{"line":12,"column":null}},"11":{"start":{"line":13,"column":28},"end":{"line":13,"column":null}},"12":{"start":{"line":14,"column":32},"end":{"line":14,"column":null}},"13":{"start":{"line":16,"column":28},"end":{"line":32,"column":null}},"14":{"start":{"line":17,"column":4},"end":{"line":17,"column":null}},"15":{"start":{"line":18,"column":4},"end":{"line":18,"column":null}},"16":{"start":{"line":19,"column":4},"end":{"line":19,"column":null}},"17":{"start":{"line":21,"column":4},"end":{"line":31,"column":null}},"18":{"start":{"line":22,"column":6},"end":{"line":24,"column":null}},"19":{"start":{"line":23,"column":8},"end":{"line":23,"column":null}},"20":{"start":{"line":25,"column":6},"end":{"line":25,"column":null}},"21":{"start":{"line":26,"column":6},"end":{"line":26,"column":null}},"22":{"start":{"line":28,"column":6},"end":{"line":28,"column":null}},"23":{"start":{"line":30,"column":6},"end":{"line":30,"column":null}},"24":{"start":{"line":34,"column":29},"end":{"line":50,"column":null}},"25":{"start":{"line":35,"column":4},"end":{"line":35,"column":null}},"26":{"start":{"line":36,"column":4},"end":{"line":36,"column":null}},"27":{"start":{"line":38,"column":4},"end":{"line":49,"column":null}},"28":{"start":{"line":39,"column":6},"end":{"line":41,"column":null}},"29":{"start":{"line":40,"column":8},"end":{"line":40,"column":null}},"30":{"start":{"line":42,"column":23},"end":{"line":42,"column":null}},"31":{"start":{"line":43,"column":6},"end":{"line":43,"column":null}},"32":{"start":{"line":44,"column":6},"end":{"line":44,"column":null}},"33":{"start":{"line":46,"column":6},"end":{"line":46,"column":null}},"34":{"start":{"line":48,"column":6},"end":{"line":48,"column":null}},"35":{"start":{"line":94,"column":37},"end":{"line":94,"column":null}},"36":{"start":{"line":110,"column":37},"end":{"line":110,"column":null}}},"fnMap":{"0":{"name":"SignIn","decl":{"start":{"line":9,"column":24},"end":{"line":9,"column":null}},"loc":{"start":{"line":9,"column":24},"end":{"line":157,"column":null}}},"1":{"name":"(anonymous_3)","decl":{"start":{"line":16,"column":28},"end":{"line":16,"column":35}},"loc":{"start":{"line":16,"column":35},"end":{"line":32,"column":null}}},"2":{"name":"(anonymous_4)","decl":{"start":{"line":34,"column":29},"end":{"line":34,"column":null}},"loc":{"start":{"line":34,"column":29},"end":{"line":50,"column":null}}},"3":{"name":"(anonymous_5)","decl":{"start":{"line":94,"column":30},"end":{"line":94,"column":31}},"loc":{"start":{"line":94,"column":37},"end":{"line":94,"column":null}}},"4":{"name":"(anonymous_6)","decl":{"start":{"line":110,"column":30},"end":{"line":110,"column":31}},"loc":{"start":{"line":110,"column":37},"end":{"line":110,"column":null}}}},"branchMap":{"0":{"loc":{"start":{"line":22,"column":6},"end":{"line":24,"column":null}},"type":"if","locations":[{"start":{"line":22,"column":6},"end":{"line":24,"column":null}}]},"1":{"loc":{"start":{"line":28,"column":15},"end":{"line":28,"column":null}},"type":"binary-expr","locations":[{"start":{"line":28,"column":15},"end":{"line":28,"column":26}},{"start":{"line":28,"column":30},"end":{"line":28,"column":null}}]},"2":{"loc":{"start":{"line":39,"column":6},"end":{"line":41,"column":null}},"type":"if","locations":[{"start":{"line":39,"column":6},"end":{"line":41,"column":null}}]},"3":{"loc":{"start":{"line":46,"column":15},"end":{"line":46,"column":null}},"type":"binary-expr","locations":[{"start":{"line":46,"column":15},"end":{"line":46,"column":26}},{"start":{"line":46,"column":30},"end":{"line":46,"column":null}}]},"4":{"loc":{"start":{"line":74,"column":15},"end":{"line":74,"column":null}},"type":"binary-expr","locations":[{"start":{"line":74,"column":15},"end":{"line":74,"column":null}}]},"5":{"loc":{"start":{"line":121,"column":19},"end":{"line":121,"column":null}},"type":"cond-expr","locations":[{"start":{"line":121,"column":29},"end":{"line":121,"column":47}},{"start":{"line":121,"column":47},"end":{"line":121,"column":null}}]}},"s":{"0":0,"1":0,"2":0,"3":0,"4":0,"5":0,"6":0,"7":0,"8":0,"9":0,"10":0,"11":0,"12":0,"13":0,"14":0,"15":0,"16":0,"17":0,"18":0,"19":0,"20":0,"21":0,"22":0,"23":0,"24":0,"25":0,"26":0,"27":0,"28":0,"29":0,"30":0,"31":0,"32":0,"33":0,"34":0,"35":0,"36":0},"f":{"0":0,"1":0,"2":0,"3":0,"4":0},"b":{"0":[0],"1":[0,0],"2":[0],"3":[0,0],"4":[0],"5":[0,0]}}
,"C:\\Users\\maste\\SCINGOS_WORK\\ScingOS\\client\\pages\\auth\\signup.tsx": {"path":"C:\\Users\\maste\\SCINGOS_WORK\\ScingOS\\client\\pages\\auth\\signup.tsx","statementMap":{"0":{"start":{"line":10,"column":24},"end":{"line":10,"column":null}},"1":{"start":{"line":1,"column":25},"end":{"line":1,"column":null}},"2":{"start":{"line":2,"column":17},"end":{"line":2,"column":null}},"3":{"start":{"line":3,"column":17},"end":{"line":3,"column":null}},"4":{"start":{"line":4,"column":26},"end":{"line":4,"column":null}},"5":{"start":{"line":5,"column":47},"end":{"line":5,"column":null}},"6":{"start":{"line":6,"column":28},"end":{"line":6,"column":null}},"7":{"start":{"line":7,"column":32},"end":{"line":7,"column":null}},"8":{"start":{"line":8,"column":23},"end":{"line":8,"column":null}},"9":{"start":{"line":11,"column":17},"end":{"line":11,"column":null}},"10":{"start":{"line":12,"column":28},"end":{"line":12,"column":null}},"11":{"start":{"line":13,"column":34},"end":{"line":13,"column":null}},"12":{"start":{"line":14,"column":48},"end":{"line":14,"column":null}},"13":{"start":{"line":15,"column":40},"end":{"line":15,"column":null}},"14":{"start":{"line":16,"column":28},"end":{"line":16,"column":null}},"15":{"start":{"line":17,"column":32},"end":{"line":17,"column":null}},"16":{"start":{"line":19,"column":23},"end":{"line":56,"column":null}},"17":{"start":{"line":20,"column":4},"end":{"line":20,"column":null}},"18":{"start":{"line":21,"column":4},"end":{"line":21,"column":null}},"19":{"start":{"line":23,"column":4},"end":{"line":26,"column":null}},"20":{"start":{"line":24,"column":6},"end":{"line":24,"column":null}},"21":{"start":{"line":25,"column":6},"end":{"line":25,"column":null}},"22":{"start":{"line":28,"column":4},"end":{"line":31,"column":null}},"23":{"start":{"line":29,"column":6},"end":{"line":29,"column":null}},"24":{"start":{"line":30,"column":6},"end":{"line":30,"column":null}},"25":{"start":{"line":33,"column":4},"end":{"line":33,"column":null}},"26":{"start":{"line":35,"column":4},"end":{"line":55,"column":null}},"27":{"start":{"line":36,"column":6},"end":{"line":38,"column":null}},"28":{"start":{"line":37,"column":8},"end":{"line":37,"column":null}},"29":{"start":{"line":39,"column":29},"end":{"line":39,"column":null}},"30":{"start":{"line":40,"column":19},"end":{"line":40,"column":38}},"31":{"start":{"line":42,"column":6},"end":{"line":48,"column":null}},"32":{"start":{"line":50,"column":6},"end":{"line":50,"column":null}},"33":{"start":{"line":52,"column":6},"end":{"line":52,"column":null}},"34":{"start":{"line":54,"column":6},"end":{"line":54,"column":null}},"35":{"start":{"line":95,"column":37},"end":{"line":95,"column":null}},"36":{"start":{"line":108,"column":37},"end":{"line":108,"column":null}},"37":{"start":{"line":121,"column":37},"end":{"line":121,"column":null}},"38":{"start":{"line":134,"column":37},"end":{"line":134,"column":null}}},"fnMap":{"0":{"name":"SignUp","decl":{"start":{"line":10,"column":24},"end":{"line":10,"column":null}},"loc":{"start":{"line":10,"column":24},"end":{"line":154,"column":null}}},"1":{"name":"(anonymous_3)","decl":{"start":{"line":19,"column":23},"end":{"line":19,"column":30}},"loc":{"start":{"line":19,"column":30},"end":{"line":56,"column":null}}},"2":{"name":"(anonymous_4)","decl":{"start":{"line":95,"column":30},"end":{"line":95,"column":31}},"loc":{"start":{"line":95,"column":37},"end":{"line":95,"column":null}}},"3":{"name":"(anonymous_5)","decl":{"start":{"line":108,"column":30},"end":{"line":108,"column":31}},"loc":{"start":{"line":108,"column":37},"end":{"line":108,"column":null}}},"4":{"name":"(anonymous_6)","decl":{"start":{"line":121,"column":30},"end":{"line":121,"column":31}},"loc":{"start":{"line":121,"column":37},"end":{"line":121,"column":null}}},"5":{"name":"(anonymous_7)","decl":{"start":{"line":134,"column":30},"end":{"line":134,"column":31}},"loc":{"start":{"line":134,"column":37},"end":{"line":134,"column":null}}}},"branchMap":{"0":{"loc":{"start":{"line":23,"column":4},"end":{"line":26,"column":null}},"type":"if","locations":[{"start":{"line":23,"column":4},"end":{"line":26,"column":null}}]},"1":{"loc":{"start":{"line":28,"column":4},"end":{"line":31,"column":null}},"type":"if","locations":[{"start":{"line":28,"column":4},"end":{"line":31,"column":null}}]},"2":{"loc":{"start":{"line":36,"column":6},"end":{"line":38,"column":null}},"type":"if","locations":[{"start":{"line":36,"column":6},"end":{"line":38,"column":null}}]},"3":{"loc":{"start":{"line":36,"column":10},"end":{"line":36,"column":29}},"type":"binary-expr","locations":[{"start":{"line":36,"column":10},"end":{"line":36,"column":15}},{"start":{"line":36,"column":19},"end":{"line":36,"column":29}}]},"4":{"loc":{"start":{"line":44,"column":21},"end":{"line":44,"column":null}},"type":"binary-expr","locations":[{"start":{"line":44,"column":21},"end":{"line":44,"column":36}},{"start":{"line":44,"column":36},"end":{"line":44,"column":null}}]},"5":{"loc":{"start":{"line":52,"column":15},"end":{"line":52,"column":null}},"type":"binary-expr","locations":[{"start":{"line":52,"column":15},"end":{"line":52,"column":26}},{"start":{"line":52,"column":30},"end":{"line":52,"column":null}}]},"6":{"loc":{"start":{"line":80,"column":15},"end":{"line":80,"column":null}},"type":"binary-expr","locations":[{"start":{"line":80,"column":15},"end":{"line":80,"column":null}}]},"7":{"loc":{"start":{"line":145,"column":19},"end":{"line":145,"column":null}},"type":"cond-expr","locations":[{"start":{"line":145,"column":29},"end":{"line":145,"column":53}},{"start":{"line":145,"column":53},"end":{"line":145,"column":null}}]}},"s":{"0":0,"1":0,"2":0,"3":0,"4":0,"5":0,"6":0,"7":0,"8":0,"9":0,"10":0,"11":0,"12":0,"13":0,"14":0,"15":0,"16":0,"17":0,"18":0,"19":0,"20":0,"21":0,"22":0,"23":0,"24":0,"25":0,"26":0,"27":0,"28":0,"29":0,"30":0,"31":0,"32":0,"33":0,"34":0,"35":0,"36":0,"37":0,"38":0},"f":{"0":0,"1":0,"2":0,"3":0,"4":0,"5":0},"b":{"0":[0],"1":[0],"2":[0],"3":[0,0],"4":[0,0],"5":[0,0],"6":[0],"7":[0,0]}}
,"C:\\Users\\maste\\SCINGOS_WORK\\ScingOS\\client\\pages\\sessions\\[id].tsx": {"path":"C:\\Users\\maste\\SCINGOS_WORK\\ScingOS\\client\\pages\\sessions\\[id].tsx","statementMap":{"0":{"start":{"line":33,"column":24},"end":{"line":33,"column":null}},"1":{"start":{"line":1,"column":26},"end":{"line":1,"column":null}},"2":{"start":{"line":2,"column":58},"end":{"line":2,"column":null}},"3":{"start":{"line":12,"column":7},"end":{"line":12,"column":null}},"4":{"start":{"line":13,"column":21},"end":{"line":13,"column":null}},"5":{"start":{"line":14,"column":46},"end":{"line":14,"column":null}},"6":{"start":{"line":15,"column":29},"end":{"line":15,"column":null}},"7":{"start":{"line":16,"column":45},"end":{"line":16,"column":null}},"8":{"start":{"line":34,"column":17},"end":{"line":34,"column":null}},"9":{"start":{"line":35,"column":28},"end":{"line":35,"column":null}},"10":{"start":{"line":37,"column":20},"end":{"line":37,"column":null}},"11":{"start":{"line":39,"column":32},"end":{"line":39,"column":null}},"12":{"start":{"line":40,"column":34},"end":{"line":40,"column":null}},"13":{"start":{"line":41,"column":26},"end":{"line":41,"column":null}},"14":{"start":{"line":42,"column":28},"end":{"line":42,"column":null}},"15":{"start":{"line":44,"column":18},"end":{"line":46,"column":null}},"16":{"start":{"line":45,"column":10},"end":{"line":45,"column":null}},"17":{"start":{"line":49,"column":2},"end":{"line":103,"column":null}},"18":{"start":{"line":50,"column":4},"end":{"line":50,"column":null}},"19":{"start":{"line":50,"column":55},"end":{"line":50,"column":null}},"20":{"start":{"line":52,"column":45},"end":{"line":52,"column":null}},"21":{"start":{"line":53,"column":20},"end":{"line":53,"column":null}},"22":{"start":{"line":55,"column":5},"end":{"line":97,"column":null}},"23":{"start":{"line":56,"column":6},"end":{"line":56,"column":null}},"24":{"start":{"line":58,"column":6},"end":{"line":96,"column":null}},"25":{"start":{"line":59,"column":28},"end":{"line":59,"column":null}},"26":{"start":{"line":60,"column":8},"end":{"line":65,"column":null}},"27":{"start":{"line":61,"column":10},"end":{"line":61,"column":null}},"28":{"start":{"line":62,"column":10},"end":{"line":62,"column":null}},"29":{"start":{"line":63,"column":10},"end":{"line":63,"column":null}},"30":{"start":{"line":64,"column":10},"end":{"line":64,"column":null}},"31":{"start":{"line":67,"column":21},"end":{"line":67,"column":null}},"32":{"start":{"line":68,"column":18},"end":{"line":68,"column":null}},"33":{"start":{"line":69,"column":8},"end":{"line":74,"column":null}},"34":{"start":{"line":70,"column":10},"end":{"line":70,"column":null}},"35":{"start":{"line":71,"column":10},"end":{"line":71,"column":null}},"36":{"start":{"line":72,"column":10},"end":{"line":72,"column":null}},"37":{"start":{"line":73,"column":10},"end":{"line":73,"column":null}},"38":{"start":{"line":76,"column":8},"end":{"line":76,"column":null}},"39":{"start":{"line":76,"column":23},"end":{"line":76,"column":null}},"40":{"start":{"line":77,"column":8},"end":{"line":77,"column":null}},"41":{"start":{"line":79,"column":18},"end":{"line":81,"column":null}},"42":{"start":{"line":84,"column":8},"end":{"line":92,"column":null}},"43":{"start":{"line":87,"column":26},"end":{"line":87,"column":null}},"44":{"start":{"line":87,"column":48},"end":{"line":87,"column":null}},"45":{"start":{"line":88,"column":12},"end":{"line":88,"column":null}},"46":{"start":{"line":91,"column":12},"end":{"line":91,"column":null}},"47":{"start":{"line":95,"column":8},"end":{"line":95,"column":null}},"48":{"start":{"line":99,"column":4},"end":{"line":102,"column":null}},"49":{"start":{"line":100,"column":6},"end":{"line":100,"column":null}},"50":{"start":{"line":101,"column":6},"end":{"line":101,"column":null}},"51":{"start":{"line":101,"column":25},"end":{"line":101,"column":null}},"52":{"start":{"line":105,"column":15},"end":{"line":128,"column":null}},"53":{"start":{"line":106,"column":4},"end":{"line":106,"column":null}},"54":{"start":{"line":106,"column":43},"end":{"line":106,"column":null}},"55":{"start":{"line":107,"column":20},"end":{"line":107,"column":null}},"56":{"start":{"line":108,"column":4},"end":{"line":108,"column":null}},"57":{"start":{"line":108,"column":18},"end":{"line":108,"column":null}},"58":{"start":{"line":110,"column":4},"end":{"line":110,"column":null}},"59":{"start":{"line":111,"column":4},"end":{"line":111,"column":null}},"60":{"start":{"line":113,"column":4},"end":{"line":127,"column":null}},"61":{"start":{"line":114,"column":6},"end":{"line":119,"column":null}},"62":{"start":{"line":121,"column":6},"end":{"line":123,"column":null}},"63":{"start":{"line":125,"column":6},"end":{"line":125,"column":null}},"64":{"start":{"line":126,"column":6},"end":{"line":126,"column":null}},"65":{"start":{"line":175,"column":18},"end":{"line":176,"column":null}},"66":{"start":{"line":202,"column":33},"end":{"line":202,"column":null}},"67":{"start":{"line":208,"column":61},"end":{"line":208,"column":87}}},"fnMap":{"0":{"name":"SessionDetail","decl":{"start":{"line":33,"column":24},"end":{"line":33,"column":null}},"loc":{"start":{"line":33,"column":24},"end":{"line":221,"column":null}}},"1":{"name":"(anonymous_3)","decl":{"start":{"line":45,"column":4},"end":{"line":45,"column":10}},"loc":{"start":{"line":45,"column":10},"end":{"line":45,"column":null}}},"2":{"name":"(anonymous_4)","decl":{"start":{"line":49,"column":12},"end":{"line":49,"column":null}},"loc":{"start":{"line":49,"column":12},"end":{"line":103,"column":5}}},"3":{"name":"(anonymous_5)","decl":{"start":{"line":55,"column":5},"end":{"line":55,"column":null}},"loc":{"start":{"line":55,"column":5},"end":{"line":97,"column":null}}},"4":{"name":"(anonymous_6)","decl":{"start":{"line":86,"column":10},"end":{"line":86,"column":11}},"loc":{"start":{"line":86,"column":11},"end":{"line":89,"column":null}}},"5":{"name":"(anonymous_7)","decl":{"start":{"line":87,"column":40},"end":{"line":87,"column":41}},"loc":{"start":{"line":87,"column":48},"end":{"line":87,"column":null}}},"6":{"name":"(anonymous_8)","decl":{"start":{"line":90,"column":10},"end":{"line":90,"column":11}},"loc":{"start":{"line":90,"column":11},"end":{"line":92,"column":null}}},"7":{"name":"(anonymous_9)","decl":{"start":{"line":99,"column":11},"end":{"line":99,"column":null}},"loc":{"start":{"line":99,"column":11},"end":{"line":102,"column":null}}},"8":{"name":"(anonymous_10)","decl":{"start":{"line":105,"column":27},"end":{"line":105,"column":null}},"loc":{"start":{"line":105,"column":27},"end":{"line":128,"column":5}}},"9":{"name":"(anonymous_11)","decl":{"start":{"line":174,"column":29},"end":{"line":174,"column":30}},"loc":{"start":{"line":175,"column":18},"end":{"line":176,"column":null}}},"10":{"name":"(anonymous_12)","decl":{"start":{"line":202,"column":26},"end":{"line":202,"column":27}},"loc":{"start":{"line":202,"column":33},"end":{"line":202,"column":null}}},"11":{"name":"(anonymous_13)","decl":{"start":{"line":208,"column":55},"end":{"line":208,"column":61}},"loc":{"start":{"line":208,"column":61},"end":{"line":208,"column":87}}}},"branchMap":{"0":{"loc":{"start":{"line":37,"column":20},"end":{"line":37,"column":null}},"type":"cond-expr","locations":[{"start":{"line":37,"column":58},"end":{"line":37,"column":73}},{"start":{"line":37,"column":76},"end":{"line":37,"column":null}}]},"1":{"loc":{"start":{"line":45,"column":18},"end":{"line":45,"column":null}},"type":"binary-expr","locations":[{"start":{"line":45,"column":18},"end":{"line":45,"column":36}},{"start":{"line":45,"column":40},"end":{"line":45,"column":49}},{"start":{"line":45,"column":53},"end":{"line":45,"column":61}},{"start":{"line":45,"column":61},"end":{"line":45,"column":null}}]},"2":{"loc":{"start":{"line":50,"column":4},"end":{"line":50,"column":null}},"type":"if","locations":[{"start":{"line":50,"column":4},"end":{"line":50,"column":null}}]},"3":{"loc":{"start":{"line":50,"column":8},"end":{"line":50,"column":55}},"type":"binary-expr","locations":[{"start":{"line":50,"column":8},"end":{"line":50,"column":20}},{"start":{"line":50,"column":20},"end":{"line":50,"column":30}},{"start":{"line":50,"column":34},"end":{"line":50,"column":43}},{"start":{"line":50,"column":43},"end":{"line":50,"column":55}}]},"4":{"loc":{"start":{"line":60,"column":8},"end":{"line":65,"column":null}},"type":"if","locations":[{"start":{"line":60,"column":8},"end":{"line":65,"column":null}}]},"5":{"loc":{"start":{"line":69,"column":8},"end":{"line":74,"column":null}},"type":"if","locations":[{"start":{"line":69,"column":8},"end":{"line":74,"column":null}}]},"6":{"loc":{"start":{"line":76,"column":8},"end":{"line":76,"column":null}},"type":"if","locations":[{"start":{"line":76,"column":8},"end":{"line":76,"column":null}}]},"7":{"loc":{"start":{"line":91,"column":21},"end":{"line":91,"column":null}},"type":"binary-expr","locations":[{"start":{"line":91,"column":21},"end":{"line":91,"column":35}},{"start":{"line":91,"column":35},"end":{"line":91,"column":null}}]},"8":{"loc":{"start":{"line":95,"column":17},"end":{"line":95,"column":null}},"type":"binary-expr","locations":[{"start":{"line":95,"column":17},"end":{"line":95,"column":31}},{"start":{"line":95,"column":31},"end":{"line":95,"column":null}}]},"9":{"loc":{"start":{"line":101,"column":6},"end":{"line":101,"column":null}},"type":"if","locations":[{"start":{"line":101,"column":6},"end":{"line":101,"column":null}}]},"10":{"loc":{"start":{"line":106,"column":4},"end":{"line":106,"column":null}},"type":"if","locations":[{"start":{"line":106,"column":4},"end":{"line":106,"column":null}}]},"11":{"loc":{"start":{"line":106,"column":8},"end":{"line":106,"column":43}},"type":"binary-expr","locations":[{"start":{"line":106,"column":8},"end":{"line":106,"column":18}},{"start":{"line":106,"column":22},"end":{"line":106,"column":31}},{"start":{"line":106,"column":31},"end":{"line":106,"column":43}}]},"12":{"loc":{"start":{"line":108,"column":4},"end":{"line":108,"column":null}},"type":"if","locations":[{"start":{"line":108,"column":4},"end":{"line":108,"column":null}}]},"13":{"loc":{"start":{"line":125,"column":15},"end":{"line":125,"column":null}},"type":"binary-expr","locations":[{"start":{"line":125,"column":15},"end":{"line":125,"column":29}},{"start":{"line":125,"column":29},"end":{"line":125,"column":null}}]},"14":{"loc":{"start":{"line":132,"column":13},"end":{"line":132,"column":null}},"type":"cond-expr","locations":[{"start":{"line":132,"column":25},"end":{"line":132,"column":59}},{"start":{"line":132,"column":62},"end":{"line":132,"column":null}}]},"15":{"loc":{"start":{"line":136,"column":8},"end":{"line":142,"column":null}},"type":"cond-expr","locations":[{"start":{"line":136,"column":8},"end":{"line":142,"column":null}}]},"16":{"loc":{"start":{"line":143,"column":8},"end":{"line":146,"column":11}},"type":"cond-expr","locations":[{"start":{"line":143,"column":8},"end":{"line":146,"column":11}}]},"17":{"loc":{"start":{"line":147,"column":8},"end":{"line":153,"column":11}},"type":"cond-expr","locations":[{"start":{"line":147,"column":8},"end":{"line":153,"column":11}}]},"18":{"loc":{"start":{"line":154,"column":8},"end":{"line":158,"column":9}},"type":"cond-expr","locations":[{"start":{"line":154,"column":8},"end":{"line":158,"column":9}}]},"19":{"loc":{"start":{"line":159,"column":11},"end":{"line":166,"column":null}},"type":"cond-expr","locations":[{"start":{"line":160,"column":12},"end":{"line":166,"column":null}},{"start":{"line":166,"column":14},"end":{"line":166,"column":null}}]},"20":{"loc":{"start":{"line":171,"column":15},"end":{"line":176,"column":null}},"type":"cond-expr","locations":[{"start":{"line":172,"column":16},"end":{"line":174,"column":25}},{"start":{"line":174,"column":16},"end":{"line":176,"column":null}}]}},"s":{"0":0,"1":0,"2":0,"3":0,"4":0,"5":0,"6":0,"7":0,"8":0,"9":0,"10":0,"11":0,"12":0,"13":0,"14":0,"15":0,"16":0,"17":0,"18":0,"19":0,"20":0,"21":0,"22":0,"23":0,"24":0,"25":0,"26":0,"27":0,"28":0,"29":0,"30":0,"31":0,"32":0,"33":0,"34":0,"35":0,"36":0,"37":0,"38":0,"39":0,"40":0,"41":0,"42":0,"43":0,"44":0,"45":0,"46":0,"47":0,"48":0,"49":0,"50":0,"51":0,"52":0,"53":0,"54":0,"55":0,"56":0,"57":0,"58":0,"59":0,"60":0,"61":0,"62":0,"63":0,"64":0,"65":0,"66":0,"67":0},"f":{"0":0,"1":0,"2":0,"3":0,"4":0,"5":0,"6":0,"7":0,"8":0,"9":0,"10":0,"11":0},"b":{"0":[0,0],"1":[0,0,0,0],"2":[0],"3":[0,0,0,0],"4":[0],"5":[0],"6":[0],"7":[0,0],"8":[0,0],"9":[0],"10":[0],"11":[0,0,0],"12":[0],"13":[0,0],"14":[0,0],"15":[0],"16":[0],"17":[0],"18":[0],"19":[0,0],"20":[0,0]}}
,"C:\\Users\\maste\\SCINGOS_WORK\\ScingOS\\client\\pages\\sessions\\index.tsx": {"path":"C:\\Users\\maste\\SCINGOS_WORK\\ScingOS\\client\\pages\\sessions\\index.tsx","statementMap":{"0":{"start":{"line":18,"column":24},"end":{"line":18,"column":null}},"1":{"start":{"line":1,"column":17},"end":{"line":1,"column":null}},"2":{"start":{"line":2,"column":26},"end":{"line":2,"column":null}},"3":{"start":{"line":3,"column":58},"end":{"line":3,"column":null}},"4":{"start":{"line":4,"column":79},"end":{"line":4,"column":null}},"5":{"start":{"line":5,"column":21},"end":{"line":5,"column":null}},"6":{"start":{"line":6,"column":46},"end":{"line":6,"column":null}},"7":{"start":{"line":7,"column":29},"end":{"line":7,"column":null}},"8":{"start":{"line":8,"column":38},"end":{"line":8,"column":null}},"9":{"start":{"line":19,"column":17},"end":{"line":19,"column":null}},"10":{"start":{"line":20,"column":28},"end":{"line":20,"column":null}},"11":{"start":{"line":22,"column":34},"end":{"line":22,"column":null}},"12":{"start":{"line":23,"column":48},"end":{"line":23,"column":null}},"13":{"start":{"line":24,"column":28},"end":{"line":24,"column":null}},"14":{"start":{"line":26,"column":19},"end":{"line":26,"column":null}},"15":{"start":{"line":26,"column":33},"end":{"line":26,"column":83}},"16":{"start":{"line":28,"column":18},"end":{"line":47,"column":null}},"17":{"start":{"line":29,"column":4},"end":{"line":29,"column":null}},"18":{"start":{"line":29,"column":42},"end":{"line":29,"column":null}},"19":{"start":{"line":30,"column":4},"end":{"line":30,"column":null}},"20":{"start":{"line":31,"column":4},"end":{"line":31,"column":null}},"21":{"start":{"line":32,"column":4},"end":{"line":46,"column":null}},"22":{"start":{"line":33,"column":16},"end":{"line":37,"column":null}},"23":{"start":{"line":39,"column":19},"end":{"line":39,"column":null}},"24":{"start":{"line":40,"column":20},"end":{"line":40,"column":null}},"25":{"start":{"line":40,"column":42},"end":{"line":40,"column":null}},"26":{"start":{"line":41,"column":6},"end":{"line":41,"column":null}},"27":{"start":{"line":43,"column":6},"end":{"line":43,"column":null}},"28":{"start":{"line":45,"column":6},"end":{"line":45,"column":null}},"29":{"start":{"line":49,"column":2},"end":{"line":51,"column":null}},"30":{"start":{"line":50,"column":4},"end":{"line":50,"column":null}},"31":{"start":{"line":50,"column":18},"end":{"line":50,"column":null}},"32":{"start":{"line":53,"column":24},"end":{"line":67,"column":null}},"33":{"start":{"line":54,"column":4},"end":{"line":54,"column":null}},"34":{"start":{"line":54,"column":29},"end":{"line":54,"column":null}},"35":{"start":{"line":55,"column":4},"end":{"line":55,"column":null}},"36":{"start":{"line":56,"column":4},"end":{"line":66,"column":null}},"37":{"start":{"line":57,"column":21},"end":{"line":62,"column":null}},"38":{"start":{"line":63,"column":6},"end":{"line":63,"column":null}},"39":{"start":{"line":65,"column":6},"end":{"line":65,"column":null}},"40":{"start":{"line":125,"column":18},"end":{"line":126,"column":null}}},"fnMap":{"0":{"name":"Sessions","decl":{"start":{"line":18,"column":24},"end":{"line":18,"column":null}},"loc":{"start":{"line":18,"column":24},"end":{"line":148,"column":null}}},"1":{"name":"(anonymous_3)","decl":{"start":{"line":26,"column":27},"end":{"line":26,"column":33}},"loc":{"start":{"line":26,"column":33},"end":{"line":26,"column":83}}},"2":{"name":"(anonymous_4)","decl":{"start":{"line":28,"column":30},"end":{"line":28,"column":null}},"loc":{"start":{"line":28,"column":30},"end":{"line":47,"column":5}}},"3":{"name":"(anonymous_5)","decl":{"start":{"line":40,"column":34},"end":{"line":40,"column":35}},"loc":{"start":{"line":40,"column":42},"end":{"line":40,"column":null}}},"4":{"name":"(anonymous_6)","decl":{"start":{"line":49,"column":12},"end":{"line":49,"column":null}},"loc":{"start":{"line":49,"column":12},"end":{"line":51,"column":5}}},"5":{"name":"(anonymous_7)","decl":{"start":{"line":53,"column":36},"end":{"line":53,"column":null}},"loc":{"start":{"line":53,"column":36},"end":{"line":67,"column":5}}},"6":{"name":"(anonymous_8)","decl":{"start":{"line":124,"column":30},"end":{"line":124,"column":31}},"loc":{"start":{"line":125,"column":18},"end":{"line":126,"column":null}}}},"branchMap":{"0":{"loc":{"start":{"line":26,"column":41},"end":{"line":26,"column":83}},"type":"binary-expr","locations":[{"start":{"line":26,"column":41},"end":{"line":26,"column":59}},{"start":{"line":26,"column":63},"end":{"line":26,"column":72}},{"start":{"line":26,"column":76},"end":{"line":26,"column":83}}]},"1":{"loc":{"start":{"line":29,"column":4},"end":{"line":29,"column":null}},"type":"if","locations":[{"start":{"line":29,"column":4},"end":{"line":29,"column":null}}]},"2":{"loc":{"start":{"line":29,"column":8},"end":{"line":29,"column":42}},"type":"binary-expr","locations":[{"start":{"line":29,"column":8},"end":{"line":29,"column":21}},{"start":{"line":29,"column":21},"end":{"line":29,"column":31}},{"start":{"line":29,"column":35},"end":{"line":29,"column":42}}]},"3":{"loc":{"start":{"line":43,"column":15},"end":{"line":43,"column":null}},"type":"binary-expr","locations":[{"start":{"line":43,"column":15},"end":{"line":43,"column":29}},{"start":{"line":43,"column":29},"end":{"line":43,"column":null}}]},"4":{"loc":{"start":{"line":50,"column":4},"end":{"line":50,"column":null}},"type":"if","locations":[{"start":{"line":50,"column":4},"end":{"line":50,"column":null}}]},"5":{"loc":{"start":{"line":54,"column":4},"end":{"line":54,"column":null}},"type":"if","locations":[{"start":{"line":54,"column":4},"end":{"line":54,"column":null}}]},"6":{"loc":{"start":{"line":54,"column":8},"end":{"line":54,"column":29}},"type":"binary-expr","locations":[{"start":{"line":54,"column":8},"end":{"line":54,"column":18}},{"start":{"line":54,"column":22},"end":{"line":54,"column":29}}]},"7":{"loc":{"start":{"line":65,"column":15},"end":{"line":65,"column":null}},"type":"binary-expr","locations":[{"start":{"line":65,"column":15},"end":{"line":65,"column":29}},{"start":{"line":65,"column":29},"end":{"line":65,"column":null}}]},"8":{"loc":{"start":{"line":72,"column":8},"end":{"line":78,"column":null}},"type":"cond-expr","locations":[{"start":{"line":72,"column":8},"end":{"line":78,"column":null}}]},"9":{"loc":{"start":{"line":79,"column":8},"end":{"line":82,"column":11}},"type":"cond-expr","locations":[{"start":{"line":79,"column":8},"end":{"line":82,"column":11}}]},"10":{"loc":{"start":{"line":83,"column":8},"end":{"line":90,"column":9}},"type":"cond-expr","locations":[{"start":{"line":83,"column":8},"end":{"line":90,"column":9}}]},"11":{"loc":{"start":{"line":108,"column":11},"end":{"line":115,"column":null}},"type":"cond-expr","locations":[{"start":{"line":109,"column":12},"end":{"line":115,"column":null}},{"start":{"line":115,"column":14},"end":{"line":115,"column":null}}]},"12":{"loc":{"start":{"line":119,"column":14},"end":{"line":120,"column":25}},"type":"cond-expr","locations":[{"start":{"line":119,"column":14},"end":{"line":120,"column":25}}]},"13":{"loc":{"start":{"line":121,"column":14},"end":{"line":123,"column":15}},"type":"cond-expr","locations":[{"start":{"line":121,"column":14},"end":{"line":123,"column":15}}]},"14":{"loc":{"start":{"line":133,"column":25},"end":{"line":133,"column":74}},"type":"cond-expr","locations":[{"start":{"line":133,"column":35},"end":{"line":133,"column":42}},{"start":{"line":133,"column":45},"end":{"line":133,"column":74}}]}},"s":{"0":0,"1":0,"2":0,"3":0,"4":0,"5":0,"6":0,"7":0,"8":0,"9":0,"10":0,"11":0,"12":0,"13":0,"14":0,"15":0,"16":0,"17":0,"18":0,"19":0,"20":0,"21":0,"22":0,"23":0,"24":0,"25":0,"26":0,"27":0,"28":0,"29":0,"30":0,"31":0,"32":0,"33":0,"34":0,"35":0,"36":0,"37":0,"38":0,"39":0,"40":0},"f":{"0":0,"1":0,"2":0,"3":0,"4":0,"5":0,"6":0},"b":{"0":[0,0,0],"1":[0],"2":[0,0,0],"3":[0,0],"4":[0],"5":[0],"6":[0,0],"7":[0,0],"8":[0],"9":[0],"10":[0],"11":[0,0],"12":[0],"13":[0],"14":[0,0]}}
}
