TN:
SF:components\layout\AppShell.tsx
FN:11,AppShell
FNF:1
FNH:0
FNDA:0,AppShell
DA:1,0
DA:3,0
DA:11,0
DA:12,0
LF:4
LH:0
BRDA:12,0,0,0
BRDA:12,0,1,0
BRDA:21,1,0,0
BRDA:21,1,1,0
BRDA:24,2,0,0
BRDA:24,2,1,0
BRF:6
BRH:0
end_of_record
TN:
SF:components\layout\Footer.tsx
FN:1,Footer
FNF:1
FNH:0
FNDA:0,Footer
DA:1,0
LF:1
LH:0
BRF:0
BRH:0
end_of_record
TN:
SF:components\layout\Layout.tsx
FN:9,Layout
FNF:1
FNH:0
FNDA:0,Layout
DA:2,0
DA:3,0
DA:9,0
LF:3
LH:0
BRF:0
BRH:0
end_of_record
TN:
SF:components\layout\Navbar.tsx
FN:6,Navbar
FN:9,(anonymous_3)
FNF:2
FNH:0
FNDA:0,Navbar
FNDA:0,(anonymous_3)
DA:1,0
DA:2,0
DA:3,0
DA:4,0
DA:6,0
DA:7,0
DA:9,0
DA:10,0
DA:11,0
DA:12,0
DA:14,0
LF:11
LH:0
BRDA:11,0,0,0
BRDA:30,1,0,0
BRF:2
BRH:0
end_of_record
TN:
SF:components\voice\VoiceButton.tsx
FN:9,VoiceButton
FNF:1
FNH:1
FNDA:2,VoiceButton
DA:1,1
DA:2,1
DA:9,2
LF:3
LH:3
BRDA:16,0,0,0
BRDA:16,0,1,2
BRDA:21,1,0,2
BRF:3
BRH:2
end_of_record
TN:
SF:lib\firebase.ts
FN:28,(anonymous_6)
FNF:1
FNH:0
FNDA:0,(anonymous_6)
DA:1,0
DA:3,0
DA:5,0
DA:7,0
DA:10,0
DA:19,0
DA:20,0
DA:24,0
DA:28,0
DA:29,0
DA:30,0
DA:31,0
DA:32,0
DA:35,0
DA:36,0
DA:37,0
DA:39,0
LF:17
LH:0
BRDA:21,0,0,0
BRDA:21,0,1,0
BRDA:21,0,2,0
BRDA:30,1,0,0
BRDA:31,2,0,0
BRDA:35,3,0,0
BRDA:35,3,1,0
BRDA:35,4,0,0
BRDA:35,4,1,0
BRDA:36,5,0,0
BRDA:36,5,1,0
BRDA:36,6,0,0
BRDA:36,6,1,0
BRDA:37,7,0,0
BRDA:37,7,1,0
BRDA:37,8,0,0
BRDA:37,8,1,0
BRF:17
BRH:0
end_of_record
TN:
SF:lib\firebaseServices.ts
FNF:0
FNH:0
DA:1,0
DA:6,0
LF:2
LH:0
BRF:0
BRH:0
end_of_record
TN:
SF:lib\refs.ts
FN:4,sessionsCollectionRef
FN:8,sessionMessagesCollectionRef
FN:12,sessionRunsCollectionRef
FNF:3
FNH:0
FNDA:0,sessionsCollectionRef
FNDA:0,sessionMessagesCollectionRef
FNDA:0,sessionRunsCollectionRef
DA:1,0
DA:2,0
DA:4,0
DA:5,0
DA:8,0
DA:9,0
DA:12,0
DA:13,0
LF:8
LH:0
BRF:0
BRH:0
end_of_record
TN:
SF:lib\bane\cache.ts
FN:5,loadSnapshot
FN:16,saveSnapshot
FN:21,clearSnapshot
FNF:3
FNH:0
FNDA:0,loadSnapshot
FNDA:0,saveSnapshot
FNDA:0,clearSnapshot
DA:3,0
DA:5,0
DA:6,0
DA:7,0
DA:8,0
DA:9,0
DA:10,0
DA:12,0
DA:16,0
DA:17,0
DA:18,0
DA:21,0
DA:22,0
DA:23,0
LF:14
LH:0
BRDA:6,0,0,0
BRDA:9,1,0,0
BRDA:17,2,0,0
BRDA:22,3,0,0
BRF:4
BRH:0
end_of_record
TN:
SF:lib\bane\evaluate.ts
FN:4,evaluateOnClient
FNF:1
FNH:0
FNDA:0,evaluateOnClient
DA:2,0
DA:4,0
DA:15,0
LF:3
LH:0
BRF:0
BRH:0
end_of_record
TN:
SF:lib\bane\fetchSnapshot.ts
FN:7,fetchAndCachePolicySnapshot
FNF:1
FNH:0
FNDA:0,fetchAndCachePolicySnapshot
DA:1,0
DA:3,0
DA:5,0
DA:7,0
DA:8,0
DA:9,0
DA:12,0
DA:13,0
DA:14,0
DA:15,0
DA:16,0
LF:11
LH:0
BRDA:8,0,0,0
BRF:1
BRH:0
end_of_record
TN:
SF:lib\bane\index.ts
FNF:0
FNH:0
DA:1,0
DA:2,0
DA:3,0
LF:3
LH:0
BRF:0
BRH:0
end_of_record
TN:
SF:lib\evidence\capture.ts
FN:4,toHex
FN:11,hashFile
FN:18,createArtifactRecord
FNF:3
FNH:0
FNDA:0,toHex
FNDA:0,hashFile
FNDA:0,createArtifactRecord
DA:1,0
DA:5,0
DA:6,0
DA:7,0
DA:8,0
DA:11,0
DA:12,0
DA:13,0
DA:14,0
DA:15,0
DA:18,0
DA:35,0
DA:36,0
LF:13
LH:0
BRDA:13,0,0,0
BRDA:42,1,0,0
BRDA:42,1,1,0
BRF:3
BRH:0
end_of_record
TN:
SF:lib\evidence\index.ts
FNF:0
FNH:0
DA:1,0
DA:2,0
DA:3,0
LF:3
LH:0
BRF:0
BRH:0
end_of_record
TN:
SF:lib\evidence\localQueue.ts
FN:17,isBrowser
FN:21,loadQueue
FN:30,saveQueue
FN:35,enqueue
FN:41,dequeue
FN:48,clearQueue
FNF:6
FNH:0
FNDA:0,isBrowser
FNDA:0,loadQueue
FNDA:0,saveQueue
FNDA:0,enqueue
FNDA:0,dequeue
FNDA:0,clearQueue
DA:3,0
DA:18,0
DA:21,0
DA:22,0
DA:23,0
DA:24,0
DA:26,0
DA:30,0
DA:31,0
DA:32,0
DA:35,0
DA:36,0
DA:37,0
DA:38,0
DA:41,0
DA:42,0
DA:43,0
DA:44,0
DA:45,0
DA:48,0
DA:49,0
DA:50,0
LF:22
LH:0
BRDA:18,0,0,0
BRDA:18,0,1,0
BRDA:22,1,0,0
BRDA:24,2,0,0
BRDA:24,2,1,0
BRDA:31,3,0,0
BRDA:43,4,0,0
BRDA:43,4,1,0
BRDA:49,5,0,0
BRF:9
BRH:0
end_of_record
TN:
SF:lib\evidence\sync.ts
FN:7,syncOnce
FNF:1
FNH:0
FNDA:0,syncOnce
DA:1,0
DA:3,0
DA:4,0
DA:5,0
DA:7,0
DA:8,0
DA:9,0
DA:11,0
DA:12,0
DA:14,0
DA:15,0
DA:16,0
DA:18,0
DA:19,0
DA:20,0
DA:23,0
DA:24,0
DA:25,0
DA:26,0
DA:36,0
DA:38,0
DA:39,0
DA:40,0
LF:23
LH:0
BRDA:9,0,0,0
BRDA:12,1,0,0
BRDA:15,2,0,0
BRDA:16,3,0,0
BRDA:18,4,0,0
BRDA:23,5,0,0
BRDA:31,6,0,0
BRDA:31,6,1,0
BRF:8
BRH:0
end_of_record
TN:
SF:lib\isdc\client.ts
FN:28,(anonymous_3)
FN:36,(anonymous_4)
FN:61,(anonymous_5)
FN:91,(anonymous_6)
FN:108,(anonymous_7)
FN:121,(anonymous_8)
FN:134,(anonymous_9)
FN:147,(anonymous_10)
FN:160,(anonymous_11)
FN:180,(anonymous_12)
FN:187,(anonymous_13)
FN:195,createISDCClient
FNF:12
FNH:0
FNDA:0,(anonymous_3)
FNDA:0,(anonymous_4)
FNDA:0,(anonymous_5)
FNDA:0,(anonymous_6)
FNDA:0,(anonymous_7)
FNDA:0,(anonymous_8)
FNDA:0,(anonymous_9)
FNDA:0,(anonymous_10)
FNDA:0,(anonymous_11)
FNDA:0,(anonymous_12)
FNDA:0,(anonymous_13)
FNDA:0,createISDCClient
DA:6,0
DA:24,0
DA:29,0
DA:30,0
DA:40,0
DA:51,0
DA:52,0
DA:54,0
DA:75,0
DA:85,0
DA:96,0
DA:102,0
DA:111,0
DA:115,0
DA:124,0
DA:128,0
DA:137,0
DA:141,0
DA:150,0
DA:154,0
DA:166,0
DA:174,0
DA:181,0
DA:188,0
DA:195,0
DA:196,0
LF:26
LH:0
BRDA:29,0,0,0
BRDA:29,0,1,0
BRDA:76,1,0,0
BRDA:76,1,1,0
BRDA:170,2,0,0
BRDA:170,2,1,0
BRF:6
BRH:0
end_of_record
TN:
SF:lib\isdc\index.ts
FNF:0
FNH:0
DA:6,0
DA:7,0
LF:2
LH:0
BRF:0
BRH:0
end_of_record
TN:
SF:lib\isdc\types.ts
FN:179,(anonymous_3)
FNF:1
FNH:0
FNDA:0,(anonymous_3)
DA:6,0
DA:179,0
LF:2
LH:0
BRDA:179,0,0,0
BRDA:179,0,1,0
BRF:2
BRH:0
end_of_record
TN:
SF:lib\store\authStore.ts
FN:11,(anonymous_1)
FN:14,(anonymous_2)
FN:15,(anonymous_3)
FNF:3
FNH:0
FNDA:0,(anonymous_1)
FNDA:0,(anonymous_2)
FNDA:0,(anonymous_3)
DA:1,0
DA:11,0
DA:14,0
DA:15,0
LF:4
LH:0
BRF:0
BRH:0
end_of_record
TN:
SF:pages\404.tsx
FN:5,NotFound
FNF:1
FNH:0
FNDA:0,NotFound
DA:1,0
DA:2,0
DA:3,0
DA:5,0
LF:4
LH:0
BRF:0
BRH:0
end_of_record
TN:
SF:pages\500.tsx
FN:5,ServerError
FN:24,(anonymous_3)
FNF:2
FNH:0
FNDA:0,ServerError
FNDA:0,(anonymous_3)
DA:1,0
DA:2,0
DA:3,0
DA:5,0
DA:24,0
LF:5
LH:0
BRF:0
BRH:0
end_of_record
TN:
SF:pages\dashboard.tsx
FN:16,Dashboard
FN:22,(anonymous_3)
FN:28,(anonymous_4)
FN:34,(anonymous_5)
FN:51,(anonymous_6)
FN:114,(anonymous_7)
FNF:6
FNH:0
FNDA:0,Dashboard
FNDA:0,(anonymous_3)
FNDA:0,(anonymous_4)
FNDA:0,(anonymous_5)
FNDA:0,(anonymous_6)
FNDA:0,(anonymous_7)
DA:1,0
DA:2,0
DA:3,0
DA:4,0
DA:5,0
DA:6,0
DA:7,0
DA:16,0
DA:17,0
DA:18,0
DA:19,0
DA:20,0
DA:22,0
DA:23,0
DA:24,0
DA:28,0
DA:29,0
DA:30,0
DA:34,0
DA:35,0
DA:36,0
DA:37,0
DA:38,0
DA:39,0
DA:42,0
DA:43,0
DA:50,0
DA:51,0
DA:56,0
DA:58,0
DA:60,0
DA:64,0
DA:115,0
LF:33
LH:0
BRDA:23,0,0,0
BRDA:23,1,0,0
BRDA:23,1,1,0
BRDA:29,2,0,0
BRDA:35,3,0,0
BRDA:36,4,0,0
BRDA:64,5,0,0
BRDA:64,6,0,0
BRDA:64,6,1,0
BRDA:109,7,0,0
BRDA:113,8,0,0
BRF:11
BRH:0
end_of_record
TN:
SF:pages\index.tsx
FN:7,Home
FN:11,(anonymous_3)
FNF:2
FNH:0
FNDA:0,Home
FNDA:0,(anonymous_3)
DA:1,0
DA:2,0
DA:3,0
DA:4,0
DA:5,0
DA:7,0
DA:8,0
DA:9,0
DA:11,0
DA:12,0
DA:13,0
LF:11
LH:0
BRDA:35,0,0,0
BRDA:44,1,0,0
BRF:2
BRH:0
end_of_record
TN:
SF:pages\api\neural\poll.ts
FN:22,clamp01
FN:26,makeEvent
FN:52,handler
FNF:3
FNH:0
FNDA:0,clamp01
FNDA:0,makeEvent
FNDA:0,handler
DA:23,0
DA:27,0
DA:28,0
DA:30,0
DA:31,0
DA:33,0
DA:39,0
DA:52,0
DA:53,0
DA:54,0
DA:55,0
DA:57,0
DA:58,0
DA:59,0
DA:62,0
DA:63,0
LF:16
LH:0
BRDA:34,0,0,0
BRDA:34,0,1,0
BRDA:34,1,0,0
BRDA:34,1,1,0
BRDA:35,2,0,0
BRDA:35,2,1,0
BRDA:36,3,0,0
BRDA:36,3,1,0
BRDA:46,4,0,0
BRDA:46,4,1,0
BRDA:46,5,0,0
BRDA:46,5,1,0
BRDA:57,6,0,0
BRF:13
BRH:0
end_of_record
TN:
SF:pages\api\neural\stream.ts
FN:28,clamp01
FN:32,makeEvent
FN:58,writeEvent
FN:62,handler
FN:95,(anonymous_7)
FN:99,(anonymous_8)
FN:113,(anonymous_9)
FNF:7
FNH:0
FNDA:0,clamp01
FNDA:0,makeEvent
FNDA:0,writeEvent
FNDA:0,handler
FNDA:0,(anonymous_7)
FNDA:0,(anonymous_8)
FNDA:0,(anonymous_9)
DA:22,0
DA:29,0
DA:33,0
DA:34,0
DA:36,0
DA:37,0
DA:39,0
DA:45,0
DA:59,0
DA:62,0
DA:63,0
DA:64,0
DA:65,0
DA:67,0
DA:68,0
DA:69,0
DA:72,0
DA:79,0
DA:82,0
DA:83,0
DA:89,0
DA:92,0
DA:93,0
DA:95,0
DA:96,0
DA:98,0
DA:99,0
DA:100,0
DA:103,0
DA:104,0
DA:105,0
DA:108,0
DA:111,0
DA:113,0
DA:114,0
DA:115,0
DA:116,0
DA:117,0
DA:120,0
LF:39
LH:0
BRDA:40,0,0,0
BRDA:40,0,1,0
BRDA:40,1,0,0
BRDA:40,1,1,0
BRDA:41,2,0,0
BRDA:41,2,1,0
BRDA:42,3,0,0
BRDA:42,3,1,0
BRDA:52,4,0,0
BRDA:52,4,1,0
BRDA:52,5,0,0
BRDA:52,5,1,0
BRDA:67,6,0,0
BRDA:96,7,0,0
BRDA:100,8,0,0
BRF:15
BRH:0
end_of_record
TN:
SF:pages\auth\signin.tsx
FN:9,SignIn
FN:16,(anonymous_3)
FN:34,(anonymous_4)
FN:94,(anonymous_5)
FN:110,(anonymous_6)
FNF:5
FNH:0
FNDA:0,SignIn
FNDA:0,(anonymous_3)
FNDA:0,(anonymous_4)
FNDA:0,(anonymous_5)
FNDA:0,(anonymous_6)
DA:1,0
DA:2,0
DA:3,0
DA:4,0
DA:5,0
DA:6,0
DA:7,0
DA:9,0
DA:10,0
DA:11,0
DA:12,0
DA:13,0
DA:14,0
DA:16,0
DA:17,0
DA:18,0
DA:19,0
DA:21,0
DA:22,0
DA:23,0
DA:25,0
DA:26,0
DA:28,0
DA:30,0
DA:34,0
DA:35,0
DA:36,0
DA:38,0
DA:39,0
DA:40,0
DA:42,0
DA:43,0
DA:44,0
DA:46,0
DA:48,0
DA:94,0
DA:110,0
LF:37
LH:0
BRDA:22,0,0,0
BRDA:28,1,0,0
BRDA:28,1,1,0
BRDA:39,2,0,0
BRDA:46,3,0,0
BRDA:46,3,1,0
BRDA:74,4,0,0
BRDA:121,5,0,0
BRDA:121,5,1,0
BRF:9
BRH:0
end_of_record
TN:
SF:pages\auth\signup.tsx
FN:10,SignUp
FN:19,(anonymous_3)
FN:95,(anonymous_4)
FN:108,(anonymous_5)
FN:121,(anonymous_6)
FN:134,(anonymous_7)
FNF:6
FNH:0
FNDA:0,SignUp
FNDA:0,(anonymous_3)
FNDA:0,(anonymous_4)
FNDA:0,(anonymous_5)
FNDA:0,(anonymous_6)
FNDA:0,(anonymous_7)
DA:1,0
DA:2,0
DA:3,0
DA:4,0
DA:5,0
DA:6,0
DA:7,0
DA:8,0
DA:10,0
DA:11,0
DA:12,0
DA:13,0
DA:14,0
DA:15,0
DA:16,0
DA:17,0
DA:19,0
DA:20,0
DA:21,0
DA:23,0
DA:24,0
DA:25,0
DA:28,0
DA:29,0
DA:30,0
DA:33,0
DA:35,0
DA:36,0
DA:37,0
DA:39,0
DA:40,0
DA:42,0
DA:50,0
DA:52,0
DA:54,0
DA:95,0
DA:108,0
DA:121,0
DA:134,0
LF:39
LH:0
BRDA:23,0,0,0
BRDA:28,1,0,0
BRDA:36,2,0,0
BRDA:36,3,0,0
BRDA:36,3,1,0
BRDA:44,4,0,0
BRDA:44,4,1,0
BRDA:52,5,0,0
BRDA:52,5,1,0
BRDA:80,6,0,0
BRDA:145,7,0,0
BRDA:145,7,1,0
BRF:12
BRH:0
end_of_record
TN:
SF:pages\sessions\[id].tsx
FN:33,SessionDetail
FN:45,(anonymous_3)
FN:49,(anonymous_4)
FN:55,(anonymous_5)
FN:86,(anonymous_6)
FN:87,(anonymous_7)
FN:90,(anonymous_8)
FN:99,(anonymous_9)
FN:105,(anonymous_10)
FN:174,(anonymous_11)
FN:202,(anonymous_12)
FN:208,(anonymous_13)
FNF:12
FNH:0
FNDA:0,SessionDetail
FNDA:0,(anonymous_3)
FNDA:0,(anonymous_4)
FNDA:0,(anonymous_5)
FNDA:0,(anonymous_6)
FNDA:0,(anonymous_7)
FNDA:0,(anonymous_8)
FNDA:0,(anonymous_9)
FNDA:0,(anonymous_10)
FNDA:0,(anonymous_11)
FNDA:0,(anonymous_12)
FNDA:0,(anonymous_13)
DA:1,0
DA:2,0
DA:12,0
DA:13,0
DA:14,0
DA:15,0
DA:16,0
DA:33,0
DA:34,0
DA:35,0
DA:37,0
DA:39,0
DA:40,0
DA:41,0
DA:42,0
DA:44,0
DA:45,0
DA:49,0
DA:50,0
DA:52,0
DA:53,0
DA:55,0
DA:56,0
DA:58,0
DA:59,0
DA:60,0
DA:61,0
DA:62,0
DA:63,0
DA:64,0
DA:67,0
DA:68,0
DA:69,0
DA:70,0
DA:71,0
DA:72,0
DA:73,0
DA:76,0
DA:77,0
DA:79,0
DA:84,0
DA:87,0
DA:88,0
DA:91,0
DA:95,0
DA:99,0
DA:100,0
DA:101,0
DA:105,0
DA:106,0
DA:107,0
DA:108,0
DA:110,0
DA:111,0
DA:113,0
DA:114,0
DA:121,0
DA:125,0
DA:126,0
DA:175,0
DA:202,0
DA:208,0
LF:62
LH:0
BRDA:37,0,0,0
BRDA:37,0,1,0
BRDA:45,1,0,0
BRDA:45,1,1,0
BRDA:45,1,2,0
BRDA:45,1,3,0
BRDA:50,2,0,0
BRDA:50,3,0,0
BRDA:50,3,1,0
BRDA:50,3,2,0
BRDA:50,3,3,0
BRDA:60,4,0,0
BRDA:69,5,0,0
BRDA:76,6,0,0
BRDA:91,7,0,0
BRDA:91,7,1,0
BRDA:95,8,0,0
BRDA:95,8,1,0
BRDA:101,9,0,0
BRDA:106,10,0,0
BRDA:106,11,0,0
BRDA:106,11,1,0
BRDA:106,11,2,0
BRDA:108,12,0,0
BRDA:125,13,0,0
BRDA:125,13,1,0
BRDA:132,14,0,0
BRDA:132,14,1,0
BRDA:136,15,0,0
BRDA:143,16,0,0
BRDA:147,17,0,0
BRDA:154,18,0,0
BRDA:159,19,0,0
BRDA:159,19,1,0
BRDA:171,20,0,0
BRDA:171,20,1,0
BRF:36
BRH:0
end_of_record
TN:
SF:pages\sessions\index.tsx
FN:18,Sessions
FN:26,(anonymous_3)
FN:28,(anonymous_4)
FN:40,(anonymous_5)
FN:49,(anonymous_6)
FN:53,(anonymous_7)
FN:124,(anonymous_8)
FNF:7
FNH:0
FNDA:0,Sessions
FNDA:0,(anonymous_3)
FNDA:0,(anonymous_4)
FNDA:0,(anonymous_5)
FNDA:0,(anonymous_6)
FNDA:0,(anonymous_7)
FNDA:0,(anonymous_8)
DA:1,0
DA:2,0
DA:3,0
DA:4,0
DA:5,0
DA:6,0
DA:7,0
DA:8,0
DA:18,0
DA:19,0
DA:20,0
DA:22,0
DA:23,0
DA:24,0
DA:26,0
DA:28,0
DA:29,0
DA:30,0
DA:31,0
DA:32,0
DA:33,0
DA:39,0
DA:40,0
DA:41,0
DA:43,0
DA:45,0
DA:49,0
DA:50,0
DA:53,0
DA:54,0
DA:55,0
DA:56,0
DA:57,0
DA:63,0
DA:65,0
DA:125,0
LF:36
LH:0
BRDA:26,0,0,0
BRDA:26,0,1,0
BRDA:26,0,2,0
BRDA:29,1,0,0
BRDA:29,2,0,0
BRDA:29,2,1,0
BRDA:29,2,2,0
BRDA:43,3,0,0
BRDA:43,3,1,0
BRDA:50,4,0,0
BRDA:54,5,0,0
BRDA:54,6,0,0
BRDA:54,6,1,0
BRDA:65,7,0,0
BRDA:65,7,1,0
BRDA:72,8,0,0
BRDA:79,9,0,0
BRDA:83,10,0,0
BRDA:108,11,0,0
BRDA:108,11,1,0
BRDA:119,12,0,0
BRDA:121,13,0,0
BRDA:133,14,0,0
BRDA:133,14,1,0
BRF:24
BRH:0
end_of_record
